<?xml version="1.0" encoding="UTF-8"?>
<robot generator="Robot 3.2.2 (Python 3.9.1 on darwin)" generated="20210302 16:15:58.254" rpa="false">
<suite id="s1" name="TC06 Merchant ActiveMerchant" source="/Users/daeng/Project/Automation_Testing/Suite/TC06_Merchant_ActiveMerchant.robot">
<test id="s1-t1" name="TC06-09 login with Role Admin digio/User digio click menu Merchant">
<kw name="Login web digipay" library="keyword_GlobalKeyword">
<arguments>
<arg>daeng_test</arg>
<arg>1qazZAQ!</arg>
</arguments>
<kw name="Open Browser" library="Selenium2Library">
<doc>Opens a new browser instance to the optional ``url``.</doc>
<arguments>
<arg>${url}</arg>
<arg>${browser}</arg>
</arguments>
<msg timestamp="20210302 16:15:58.555" level="INFO">Opening browser 'Chrome' to base url 'https://octopus-merchant-sit.digipay.dev/login'.</msg>
<status status="PASS" starttime="20210302 16:15:58.555" endtime="20210302 16:16:01.055"></status>
</kw>
<kw name="Maximize Browser Window" library="Selenium2Library">
<doc>Maximizes current browser window.</doc>
<status status="PASS" starttime="20210302 16:16:01.055" endtime="20210302 16:16:01.226"></status>
</kw>
<kw name="Set Selenium Speed" library="Selenium2Library">
<doc>Sets the delay that is waited after each Selenium command.</doc>
<arguments>
<arg>0.3</arg>
</arguments>
<status status="PASS" starttime="20210302 16:16:01.226" endtime="20210302 16:16:01.227"></status>
</kw>
<kw name="Wait Until Element Is Visible" library="Selenium2Library">
<doc>Waits until the element ``locator`` is visible.</doc>
<arguments>
<arg>id=username</arg>
<arg>timeout=20s</arg>
</arguments>
<status status="PASS" starttime="20210302 16:16:01.227" endtime="20210302 16:16:01.872"></status>
</kw>
<kw name="Input Text" library="Selenium2Library">
<doc>Types the given ``text`` into the text field identified by ``locator``.</doc>
<arguments>
<arg>id=username</arg>
<arg>${username}</arg>
</arguments>
<msg timestamp="20210302 16:16:01.873" level="INFO">Typing text 'daeng_test' into text field 'id=username'.</msg>
<status status="PASS" starttime="20210302 16:16:01.872" endtime="20210302 16:16:02.958"></status>
</kw>
<kw name="Wait Until Element Is Visible" library="Selenium2Library">
<doc>Waits until the element ``locator`` is visible.</doc>
<arguments>
<arg>id=username</arg>
<arg>timeout=20s</arg>
</arguments>
<status status="PASS" starttime="20210302 16:16:02.958" endtime="20210302 16:16:03.595"></status>
</kw>
<kw name="Input Password" library="Selenium2Library">
<doc>Types the given password into the text field identified by ``locator``.</doc>
<arguments>
<arg>id=password</arg>
<arg>${password}</arg>
</arguments>
<msg timestamp="20210302 16:16:03.597" level="INFO">Typing password into text field 'id=password'.</msg>
<msg timestamp="20210302 16:16:04.249" level="INFO">Temporally setting log level to: NONE</msg>
<msg timestamp="20210302 16:16:04.611" level="INFO">Log level changed from NONE to INFO.</msg>
<status status="PASS" starttime="20210302 16:16:03.596" endtime="20210302 16:16:04.612"></status>
</kw>
<kw name="Click Button" library="Selenium2Library">
<doc>Clicks the button identified by ``locator``.</doc>
<arguments>
<arg>//*[@id="__next"]/div/div/form/button</arg>
</arguments>
<msg timestamp="20210302 16:16:04.613" level="INFO">Clicking button '//*[@id="__next"]/div/div/form/button'.</msg>
<status status="PASS" starttime="20210302 16:16:04.612" endtime="20210302 16:16:06.239"></status>
</kw>
<status status="PASS" starttime="20210302 16:15:58.554" endtime="20210302 16:16:06.239"></status>
</kw>
<kw name="xpath to click" library="keyword_GlobalKeyword">
<arguments>
<arg>//*[@id="sidebar"]/nav/li[3]</arg>
</arguments>
<kw name="Set Global Variable" library="BuiltIn">
<doc>Makes a variable available globally in all tests and suites.</doc>
<arguments>
<arg>${xpath}</arg>
</arguments>
<msg timestamp="20210302 16:16:06.241" level="INFO">${xpath} = //*[@id="sidebar"]/nav/li[3]</msg>
<status status="PASS" starttime="20210302 16:16:06.240" endtime="20210302 16:16:06.241"></status>
</kw>
<status status="PASS" starttime="20210302 16:16:06.240" endtime="20210302 16:16:06.241"></status>
</kw>
<kw name="click menu" library="keyword_GlobalKeyword">
<kw name="Wait Until Element Is Visible" library="Selenium2Library">
<doc>Waits until the element ``locator`` is visible.</doc>
<arguments>
<arg>${xpath}</arg>
<arg>timeout=20s</arg>
</arguments>
<msg timestamp="20210302 16:16:06.559" level="INFO">Suppressing StaleElementReferenceException from Selenium.</msg>
<status status="PASS" starttime="20210302 16:16:06.242" endtime="20210302 16:16:07.386"></status>
</kw>
<kw name="Click Element" library="Selenium2Library">
<doc>Click the element identified by ``locator``.</doc>
<arguments>
<arg>${xpath}</arg>
</arguments>
<msg timestamp="20210302 16:16:07.387" level="INFO">Clicking element '//*[@id="sidebar"]/nav/li[3]'.</msg>
<status status="PASS" starttime="20210302 16:16:07.386" endtime="20210302 16:16:08.034"></status>
</kw>
<status status="PASS" starttime="20210302 16:16:06.241" endtime="20210302 16:16:08.035"></status>
</kw>
<kw name="click button 'New Merchant'" library="keyword_new_merchant">
<kw name="Click Element" library="Selenium2Library">
<doc>Click the element identified by ``locator``.</doc>
<arguments>
<arg>//*[@id="__next"]/div/div[2]/div[2]/div[1]/div[2]/div/button</arg>
</arguments>
<msg timestamp="20210302 16:16:08.037" level="INFO">Clicking element '//*[@id="__next"]/div/div[2]/div[2]/div[1]/div[2]/div/button'.</msg>
<status status="PASS" starttime="20210302 16:16:08.036" endtime="20210302 16:16:08.699"></status>
</kw>
<status status="PASS" starttime="20210302 16:16:08.035" endtime="20210302 16:16:08.699"></status>
</kw>
<status status="PASS" starttime="20210302 16:15:58.553" endtime="20210302 16:16:08.701" critical="yes"></status>
</test>
<test id="s1-t2" name="TC06-10 click menu Merchant and click at button &quot;New merchant&quot;">
<kw name="check field New merchant detail" library="keyword_checkfield_merchant">
<kw name="Get Text" library="Selenium2Library">
<doc>Returns the text value of the element identified by ``locator``.</doc>
<arguments>
<arg>//html/body/div/div/div[2]/div[2]/form/div[1]/div[4]/div[1]/div[1]/label</arg>
</arguments>
<assign>
<var>${merchantEN}</var>
</assign>
<msg timestamp="20210302 16:16:09.343" level="INFO">${merchantEN} = Merchant Name (EN)</msg>
<status status="PASS" starttime="20210302 16:16:08.705" endtime="20210302 16:16:09.344"></status>
</kw>
<kw name="Should Be Equal As Strings" library="BuiltIn">
<doc>Fails if objects are unequal after converting them to strings.</doc>
<arguments>
<arg>${merchantEN}</arg>
<arg>Merchant Name (EN)</arg>
</arguments>
<status status="PASS" starttime="20210302 16:16:09.344" endtime="20210302 16:16:09.345"></status>
</kw>
<kw name="Get Text" library="Selenium2Library">
<doc>Returns the text value of the element identified by ``locator``.</doc>
<arguments>
<arg>//html/body/div/div/div[2]/div[2]/form/div[1]/div[4]/div[2]/div[1]/label</arg>
</arguments>
<assign>
<var>${merchantTH}</var>
</assign>
<msg timestamp="20210302 16:16:09.989" level="INFO">${merchantTH} = Merchant Name (TH)</msg>
<status status="PASS" starttime="20210302 16:16:09.345" endtime="20210302 16:16:09.989"></status>
</kw>
<kw name="Should Be Equal As Strings" library="BuiltIn">
<doc>Fails if objects are unequal after converting them to strings.</doc>
<arguments>
<arg>${merchantTH}</arg>
<arg>Merchant Name (TH)</arg>
</arguments>
<status status="PASS" starttime="20210302 16:16:09.990" endtime="20210302 16:16:09.991"></status>
</kw>
<kw name="Get Text" library="Selenium2Library">
<doc>Returns the text value of the element identified by ``locator``.</doc>
<arguments>
<arg>//html/body/div/div/div[2]/div[2]/form/div[1]/div[4]/div[2]/div[2]/label</arg>
</arguments>
<assign>
<var>${BussinessType}</var>
</assign>
<msg timestamp="20210302 16:16:10.634" level="INFO">${BussinessType} = Bussiness Type</msg>
<status status="PASS" starttime="20210302 16:16:09.991" endtime="20210302 16:16:10.634"></status>
</kw>
<kw name="Should Be Equal As Strings" library="BuiltIn">
<doc>Fails if objects are unequal after converting them to strings.</doc>
<arguments>
<arg>${BussinessType}</arg>
<arg>Bussiness Type</arg>
</arguments>
<status status="PASS" starttime="20210302 16:16:10.634" endtime="20210302 16:16:10.637"></status>
</kw>
<kw name="Get Text" library="Selenium2Library">
<doc>Returns the text value of the element identified by ``locator``.</doc>
<arguments>
<arg>//html/body/div/div/div[2]/div[2]/form/div[1]/div[4]/div[2]/div[3]/label</arg>
</arguments>
<assign>
<var>${TaxNo}</var>
</assign>
<msg timestamp="20210302 16:16:11.280" level="INFO">${TaxNo} = Tax No</msg>
<status status="PASS" starttime="20210302 16:16:10.637" endtime="20210302 16:16:11.280"></status>
</kw>
<kw name="Should Be Equal As Strings" library="BuiltIn">
<doc>Fails if objects are unequal after converting them to strings.</doc>
<arguments>
<arg>${TaxNo}</arg>
<arg>Tax No</arg>
</arguments>
<status status="PASS" starttime="20210302 16:16:11.280" endtime="20210302 16:16:11.281"></status>
</kw>
<kw name="Get Text" library="Selenium2Library">
<doc>Returns the text value of the element identified by ``locator``.</doc>
<arguments>
<arg>//html/body/div/div/div[2]/div[2]/form/div[2]/div[4]/div[1]/div/label</arg>
</arguments>
<assign>
<var>${PhoneNo}</var>
</assign>
<msg timestamp="20210302 16:16:11.920" level="INFO">${PhoneNo} = Phone No</msg>
<status status="PASS" starttime="20210302 16:16:11.281" endtime="20210302 16:16:11.920"></status>
</kw>
<kw name="Should Be Equal As Strings" library="BuiltIn">
<doc>Fails if objects are unequal after converting them to strings.</doc>
<arguments>
<arg>${PhoneNo}</arg>
<arg>Phone No</arg>
</arguments>
<status status="PASS" starttime="20210302 16:16:11.920" endtime="20210302 16:16:11.921"></status>
</kw>
<kw name="Get Text" library="Selenium2Library">
<doc>Returns the text value of the element identified by ``locator``.</doc>
<arguments>
<arg>//html/body/div/div/div[2]/div[2]/form/div[2]/div[4]/div[2]/div/label</arg>
</arguments>
<assign>
<var>${Email}</var>
</assign>
<msg timestamp="20210302 16:16:12.567" level="INFO">${Email} = Email</msg>
<status status="PASS" starttime="20210302 16:16:11.921" endtime="20210302 16:16:12.567"></status>
</kw>
<kw name="Should Be Equal As Strings" library="BuiltIn">
<doc>Fails if objects are unequal after converting them to strings.</doc>
<arguments>
<arg>${Email}</arg>
<arg>Email</arg>
</arguments>
<status status="PASS" starttime="20210302 16:16:12.567" endtime="20210302 16:16:12.568"></status>
</kw>
<kw name="Get Text" library="Selenium2Library">
<doc>Returns the text value of the element identified by ``locator``.</doc>
<arguments>
<arg>//html/body/div/div/div[2]/div[2]/form/div[2]/div[6]/div[1]/div[1]/label</arg>
</arguments>
<assign>
<var>${AdressEN}</var>
</assign>
<msg timestamp="20210302 16:16:13.214" level="INFO">${AdressEN} = Adress (EN)</msg>
<status status="PASS" starttime="20210302 16:16:12.568" endtime="20210302 16:16:13.215"></status>
</kw>
<kw name="Should Be Equal As Strings" library="BuiltIn">
<doc>Fails if objects are unequal after converting them to strings.</doc>
<arguments>
<arg>${AdressEN}</arg>
<arg>Adress (EN)</arg>
</arguments>
<status status="PASS" starttime="20210302 16:16:13.215" endtime="20210302 16:16:13.216"></status>
</kw>
<kw name="Get Text" library="Selenium2Library">
<doc>Returns the text value of the element identified by ``locator``.</doc>
<arguments>
<arg>//html/body/div/div/div[2]/div[2]/form/div[2]/div[6]/div[1]/div[2]/label</arg>
</arguments>
<assign>
<var>${AdressTH}</var>
</assign>
<msg timestamp="20210302 16:16:13.859" level="INFO">${AdressTH} = Adress (TH)</msg>
<status status="PASS" starttime="20210302 16:16:13.216" endtime="20210302 16:16:13.859"></status>
</kw>
<kw name="Should Be Equal As Strings" library="BuiltIn">
<doc>Fails if objects are unequal after converting them to strings.</doc>
<arguments>
<arg>${AdressTH}</arg>
<arg>Adress (TH)</arg>
</arguments>
<status status="PASS" starttime="20210302 16:16:13.859" endtime="20210302 16:16:13.860"></status>
</kw>
<kw name="Get Text" library="Selenium2Library">
<doc>Returns the text value of the element identified by ``locator``.</doc>
<arguments>
<arg>//html/body/div/div/div[2]/div[2]/form/div[2]/div[7]/label</arg>
</arguments>
<assign>
<var>${Province}</var>
</assign>
<msg timestamp="20210302 16:16:14.502" level="INFO">${Province} = Sub District, District, Province, Postal Code</msg>
<status status="PASS" starttime="20210302 16:16:13.860" endtime="20210302 16:16:14.503"></status>
</kw>
<kw name="Should Be Equal As Strings" library="BuiltIn">
<doc>Fails if objects are unequal after converting them to strings.</doc>
<arguments>
<arg>${Province}</arg>
<arg>Sub District, District, Province, Postal Code</arg>
</arguments>
<status status="PASS" starttime="20210302 16:16:14.503" endtime="20210302 16:16:14.504"></status>
</kw>
<kw name="Get Text" library="Selenium2Library">
<doc>Returns the text value of the element identified by ``locator``.</doc>
<arguments>
<arg>//html/body/div/div/div[2]/div[2]/form/div[3]/div[1]</arg>
</arguments>
<assign>
<var>${TaxInvoice}</var>
</assign>
<msg timestamp="20210302 16:16:15.147" level="INFO">${TaxInvoice} = Tax Invoice Detail</msg>
<status status="PASS" starttime="20210302 16:16:14.504" endtime="20210302 16:16:15.147"></status>
</kw>
<kw name="Should Be Equal As Strings" library="BuiltIn">
<doc>Fails if objects are unequal after converting them to strings.</doc>
<arguments>
<arg>${TaxInvoice}</arg>
<arg>Tax Invoice Detail</arg>
</arguments>
<status status="PASS" starttime="20210302 16:16:15.148" endtime="20210302 16:16:15.148"></status>
</kw>
<kw name="Get Text" library="Selenium2Library">
<doc>Returns the text value of the element identified by ``locator``.</doc>
<arguments>
<arg>//html/body/div/div/div[2]/div[2]/form/div[4]/div[4]/div[1]/label</arg>
</arguments>
<assign>
<var>${BankAcc}</var>
</assign>
<msg timestamp="20210302 16:16:15.790" level="INFO">${BankAcc} = Bank Account</msg>
<status status="PASS" starttime="20210302 16:16:15.149" endtime="20210302 16:16:15.790"></status>
</kw>
<kw name="Should Be Equal As Strings" library="BuiltIn">
<doc>Fails if objects are unequal after converting them to strings.</doc>
<arguments>
<arg>${BankAcc}</arg>
<arg>Bank Account</arg>
</arguments>
<status status="PASS" starttime="20210302 16:16:15.791" endtime="20210302 16:16:15.792"></status>
</kw>
<kw name="Get Text" library="Selenium2Library">
<doc>Returns the text value of the element identified by ``locator``.</doc>
<arguments>
<arg>//html/body/div/div/div[2]/div[2]/form/div[4]/div[4]/div[2]/label</arg>
</arguments>
<assign>
<var>${BankAccNo}</var>
</assign>
<msg timestamp="20210302 16:16:16.430" level="INFO">${BankAccNo} = Bank Account No.</msg>
<status status="PASS" starttime="20210302 16:16:15.792" endtime="20210302 16:16:16.430"></status>
</kw>
<kw name="Should Be Equal As Strings" library="BuiltIn">
<doc>Fails if objects are unequal after converting them to strings.</doc>
<arguments>
<arg>${BankAccNo}</arg>
<arg>Bank Account No.</arg>
</arguments>
<status status="PASS" starttime="20210302 16:16:16.430" endtime="20210302 16:16:16.431"></status>
</kw>
<kw name="Get Text" library="Selenium2Library">
<doc>Returns the text value of the element identified by ``locator``.</doc>
<arguments>
<arg>//html/body/div/div/div[2]/div[2]/form/div[5]/div[4]/label</arg>
</arguments>
<assign>
<var>${Username}</var>
</assign>
<msg timestamp="20210302 16:16:17.074" level="INFO">${Username} = Username</msg>
<status status="PASS" starttime="20210302 16:16:16.431" endtime="20210302 16:16:17.074"></status>
</kw>
<kw name="Should Be Equal As Strings" library="BuiltIn">
<doc>Fails if objects are unequal after converting them to strings.</doc>
<arguments>
<arg>${Username}</arg>
<arg>Username</arg>
</arguments>
<status status="PASS" starttime="20210302 16:16:17.074" endtime="20210302 16:16:17.075"></status>
</kw>
<kw name="Get Text" library="Selenium2Library">
<doc>Returns the text value of the element identified by ``locator``.</doc>
<arguments>
<arg>//html/body/div/div/div[2]/div[2]/form/div[5]/div[5]/div[1]/label</arg>
</arguments>
<assign>
<var>${Firstname}</var>
</assign>
<msg timestamp="20210302 16:16:17.717" level="INFO">${Firstname} = Firstname</msg>
<status status="PASS" starttime="20210302 16:16:17.075" endtime="20210302 16:16:17.717"></status>
</kw>
<kw name="Should Be Equal As Strings" library="BuiltIn">
<doc>Fails if objects are unequal after converting them to strings.</doc>
<arguments>
<arg>${Firstname}</arg>
<arg>Firstname</arg>
</arguments>
<status status="PASS" starttime="20210302 16:16:17.718" endtime="20210302 16:16:17.718"></status>
</kw>
<kw name="Get Text" library="Selenium2Library">
<doc>Returns the text value of the element identified by ``locator``.</doc>
<arguments>
<arg>//html/body/div/div/div[2]/div[2]/form/div[5]/div[5]/div[2]/label</arg>
</arguments>
<assign>
<var>${Lastname}</var>
</assign>
<msg timestamp="20210302 16:16:18.361" level="INFO">${Lastname} = Lastname</msg>
<status status="PASS" starttime="20210302 16:16:17.719" endtime="20210302 16:16:18.361"></status>
</kw>
<kw name="Should Be Equal As Strings" library="BuiltIn">
<doc>Fails if objects are unequal after converting them to strings.</doc>
<arguments>
<arg>${Lastname}</arg>
<arg>Lastname</arg>
</arguments>
<status status="PASS" starttime="20210302 16:16:18.361" endtime="20210302 16:16:18.362"></status>
</kw>
<kw name="Get Text" library="Selenium2Library">
<doc>Returns the text value of the element identified by ``locator``.</doc>
<arguments>
<arg>//html/body/div/div/div[2]/div[2]/form/div[5]/div[6]/div[1]/label</arg>
</arguments>
<assign>
<var>${Email}</var>
</assign>
<msg timestamp="20210302 16:16:19.005" level="INFO">${Email} = Email</msg>
<status status="PASS" starttime="20210302 16:16:18.362" endtime="20210302 16:16:19.005"></status>
</kw>
<kw name="Should Be Equal As Strings" library="BuiltIn">
<doc>Fails if objects are unequal after converting them to strings.</doc>
<arguments>
<arg>${Email}</arg>
<arg>Email</arg>
</arguments>
<status status="PASS" starttime="20210302 16:16:19.006" endtime="20210302 16:16:19.006"></status>
</kw>
<kw name="Get Text" library="Selenium2Library">
<doc>Returns the text value of the element identified by ``locator``.</doc>
<arguments>
<arg>//html/body/div/div/div[2]/div[2]/form/div[5]/div[6]/div[2]/label</arg>
</arguments>
<assign>
<var>${PhoneNo}</var>
</assign>
<msg timestamp="20210302 16:16:19.644" level="INFO">${PhoneNo} = Phone No</msg>
<status status="PASS" starttime="20210302 16:16:19.007" endtime="20210302 16:16:19.644"></status>
</kw>
<kw name="Should Be Equal As Strings" library="BuiltIn">
<doc>Fails if objects are unequal after converting them to strings.</doc>
<arguments>
<arg>${PhoneNo}</arg>
<arg>Phone No</arg>
</arguments>
<status status="PASS" starttime="20210302 16:16:19.644" endtime="20210302 16:16:19.645"></status>
</kw>
<status status="PASS" starttime="20210302 16:16:08.704" endtime="20210302 16:16:19.645"></status>
</kw>
<status status="PASS" starttime="20210302 16:16:08.703" endtime="20210302 16:16:19.646" critical="yes"></status>
</test>
<test id="s1-t3" name="TC06-11 กรอกข้อมูลถูกต้องทุกฟิวด์">
<kw name="xpath to click" library="keyword_GlobalKeyword">
<arguments>
<arg>//*[@id="__next"]/div/div[2]/div[2]/form/div[1]/div[4]/div[1]/div[1]/div/input</arg>
</arguments>
<kw name="Set Global Variable" library="BuiltIn">
<doc>Makes a variable available globally in all tests and suites.</doc>
<arguments>
<arg>${xpath}</arg>
</arguments>
<msg timestamp="20210302 16:16:19.652" level="INFO">${xpath} = //*[@id="__next"]/div/div[2]/div[2]/form/div[1]/div[4]/div[1]/div[1]/div/input</msg>
<status status="PASS" starttime="20210302 16:16:19.651" endtime="20210302 16:16:19.652"></status>
</kw>
<status status="PASS" starttime="20210302 16:16:19.650" endtime="20210302 16:16:19.652"></status>
</kw>
<kw name="Input text field Merchant Name (EN)" library="keyword_new_merchant">
<kw name="Generate Random String" library="String">
<doc>Generates a string with a desired ``length`` from the given ``chars``.</doc>
<arguments>
<arg>12</arg>
<arg>[LETTERS]</arg>
</arguments>
<assign>
<var>${nameEN}</var>
</assign>
<msg timestamp="20210302 16:16:19.653" level="INFO">${nameEN} = jwyVSdVQACWT</msg>
<status status="PASS" starttime="20210302 16:16:19.653" endtime="20210302 16:16:19.653"></status>
</kw>
<kw name="Click Element" library="Selenium2Library">
<doc>Click the element identified by ``locator``.</doc>
<arguments>
<arg>${xpath}</arg>
</arguments>
<msg timestamp="20210302 16:16:19.654" level="INFO">Clicking element '//*[@id="__next"]/div/div[2]/div[2]/form/div[1]/div[4]/div[1]/div[1]/div/input'.</msg>
<status status="PASS" starttime="20210302 16:16:19.654" endtime="20210302 16:16:20.343"></status>
</kw>
<kw name="Input Text" library="Selenium2Library">
<doc>Types the given ``text`` into the text field identified by ``locator``.</doc>
<arguments>
<arg>${xpath}</arg>
<arg>${nameEN}</arg>
</arguments>
<msg timestamp="20210302 16:16:20.344" level="INFO">Typing text 'jwyVSdVQACWT' into text field '//*[@id="__next"]/div/div[2]/div[2]/form/div[1]/div[4]/div[1]/div[1]/div/input'.</msg>
<status status="PASS" starttime="20210302 16:16:20.343" endtime="20210302 16:16:21.427"></status>
</kw>
<kw name="Set Variable" library="BuiltIn">
<doc>Returns the given values which can then be assigned to a variables.</doc>
<arguments>
<arg>${nameEN}</arg>
</arguments>
<assign>
<var>${check_nameEN}</var>
</assign>
<msg timestamp="20210302 16:16:21.429" level="INFO">${check_nameEN} = jwyVSdVQACWT</msg>
<status status="PASS" starttime="20210302 16:16:21.428" endtime="20210302 16:16:21.429"></status>
</kw>
<kw name="Set Global Variable" library="BuiltIn">
<doc>Makes a variable available globally in all tests and suites.</doc>
<arguments>
<arg>${check_nameEN}</arg>
</arguments>
<msg timestamp="20210302 16:16:21.430" level="INFO">${check_nameEN} = jwyVSdVQACWT</msg>
<status status="PASS" starttime="20210302 16:16:21.429" endtime="20210302 16:16:21.430"></status>
</kw>
<status status="PASS" starttime="20210302 16:16:19.652" endtime="20210302 16:16:21.431"></status>
</kw>
<kw name="xpath to click" library="keyword_GlobalKeyword">
<arguments>
<arg>//*[@id="__next"]/div/div[2]/div[2]/form/div[1]/div[4]/div[2]/div[1]/div/input</arg>
</arguments>
<kw name="Set Global Variable" library="BuiltIn">
<doc>Makes a variable available globally in all tests and suites.</doc>
<arguments>
<arg>${xpath}</arg>
</arguments>
<msg timestamp="20210302 16:16:21.433" level="INFO">${xpath} = //*[@id="__next"]/div/div[2]/div[2]/form/div[1]/div[4]/div[2]/div[1]/div/input</msg>
<status status="PASS" starttime="20210302 16:16:21.432" endtime="20210302 16:16:21.433"></status>
</kw>
<status status="PASS" starttime="20210302 16:16:21.431" endtime="20210302 16:16:21.433"></status>
</kw>
<kw name="Input text field Merchant Name (TH)" library="keyword_new_merchant">
<kw name="Generate Random String" library="String">
<doc>Generates a string with a desired ``length`` from the given ``chars``.</doc>
<arguments>
<arg>12</arg>
<arg>[LETTERS]</arg>
</arguments>
<assign>
<var>${nameTH}</var>
</assign>
<msg timestamp="20210302 16:16:21.434" level="INFO">${nameTH} = XGBLfPOykBmH</msg>
<status status="PASS" starttime="20210302 16:16:21.434" endtime="20210302 16:16:21.434"></status>
</kw>
<kw name="Click Element" library="Selenium2Library">
<doc>Click the element identified by ``locator``.</doc>
<arguments>
<arg>${xpath}</arg>
</arguments>
<msg timestamp="20210302 16:16:21.435" level="INFO">Clicking element '//*[@id="__next"]/div/div[2]/div[2]/form/div[1]/div[4]/div[2]/div[1]/div/input'.</msg>
<status status="PASS" starttime="20210302 16:16:21.435" endtime="20210302 16:16:22.108"></status>
</kw>
<kw name="Input Text" library="Selenium2Library">
<doc>Types the given ``text`` into the text field identified by ``locator``.</doc>
<arguments>
<arg>${xpath}</arg>
<arg>${nameTH}</arg>
</arguments>
<msg timestamp="20210302 16:16:22.109" level="INFO">Typing text 'XGBLfPOykBmH' into text field '//*[@id="__next"]/div/div[2]/div[2]/form/div[1]/div[4]/div[2]/div[1]/div/input'.</msg>
<status status="PASS" starttime="20210302 16:16:22.108" endtime="20210302 16:16:23.182"></status>
</kw>
<kw name="Set Variable" library="BuiltIn">
<doc>Returns the given values which can then be assigned to a variables.</doc>
<arguments>
<arg>${nameTH}</arg>
</arguments>
<assign>
<var>${check_nameTH}</var>
</assign>
<msg timestamp="20210302 16:16:23.183" level="INFO">${check_nameTH} = XGBLfPOykBmH</msg>
<status status="PASS" starttime="20210302 16:16:23.183" endtime="20210302 16:16:23.184"></status>
</kw>
<kw name="Set Global Variable" library="BuiltIn">
<doc>Makes a variable available globally in all tests and suites.</doc>
<arguments>
<arg>${check_nameTH}</arg>
</arguments>
<msg timestamp="20210302 16:16:23.185" level="INFO">${check_nameTH} = XGBLfPOykBmH</msg>
<status status="PASS" starttime="20210302 16:16:23.184" endtime="20210302 16:16:23.185"></status>
</kw>
<status status="PASS" starttime="20210302 16:16:21.433" endtime="20210302 16:16:23.185"></status>
</kw>
<kw name="xpath to click" library="keyword_GlobalKeyword">
<arguments>
<arg>//*[@id="__next"]/div/div[2]/div[2]/form/div[1]/div[4]/div[2]/div[2]/div/div/div[2]</arg>
</arguments>
<kw name="Set Global Variable" library="BuiltIn">
<doc>Makes a variable available globally in all tests and suites.</doc>
<arguments>
<arg>${xpath}</arg>
</arguments>
<msg timestamp="20210302 16:16:23.187" level="INFO">${xpath} = //*[@id="__next"]/div/div[2]/div[2]/form/div[1]/div[4]/div[2]/div[2]/div/div/div[2]</msg>
<status status="PASS" starttime="20210302 16:16:23.187" endtime="20210302 16:16:23.187"></status>
</kw>
<status status="PASS" starttime="20210302 16:16:23.186" endtime="20210302 16:16:23.188"></status>
</kw>
<kw name="choose choice on dropdown field 'Bussiness Type'" library="keyword_new_merchant">
<kw name="Wait Until Element Is Visible" library="Selenium2Library">
<doc>Waits until the element ``locator`` is visible.</doc>
<arguments>
<arg>//*[@id="__next"]/div/div[2]/div[2]/form/div[1]/div[4]/div[2]/div[2]/div</arg>
<arg>timeout=5s</arg>
</arguments>
<status status="PASS" starttime="20210302 16:16:23.189" endtime="20210302 16:16:23.831"></status>
</kw>
<kw name="Click Element" library="Selenium2Library">
<doc>Click the element identified by ``locator``.</doc>
<arguments>
<arg>//*[@id="__next"]/div/div[2]/div[2]/form/div[1]/div[4]/div[2]/div[2]/div</arg>
</arguments>
<msg timestamp="20210302 16:16:23.832" level="INFO">Clicking element '//*[@id="__next"]/div/div[2]/div[2]/form/div[1]/div[4]/div[2]/div[2]/div'.</msg>
<status status="PASS" starttime="20210302 16:16:23.832" endtime="20210302 16:16:24.519"></status>
</kw>
<kw name="Get WebElements" library="Selenium2Library">
<doc>Returns a list of WebElement objects matching the ``locator``.</doc>
<arguments>
<arg>${xpath}</arg>
</arguments>
<assign>
<var>@{locators}</var>
</assign>
<msg timestamp="20210302 16:16:24.841" level="INFO">@{locators} = [ &lt;selenium.webdriver.remote.webelement.WebElement (session="6ab2fa6c0deaa6d1253175fec72a2768", element="816ec372-a507-4b80-a35d-28baf2e08db5")&gt; ]</msg>
<status status="PASS" starttime="20210302 16:16:24.519" endtime="20210302 16:16:24.841"></status>
</kw>
<kw name="${locator} IN [ @{locators} ]" type="for">
<kw name="${locator} = &lt;selenium.webdriver.remote.webelement.WebElement (session=&quot;6ab2fa6c0deaa6d1253175fec72a2768&quot;, element=&quot;816ec372-a507-4b80-a35d-28baf2e08db5&quot;)&gt;" type="foritem">
<kw name="Get Text" library="Selenium2Library">
<doc>Returns the text value of the element identified by ``locator``.</doc>
<arguments>
<arg>${locator}</arg>
</arguments>
<assign>
<var>${name}</var>
</assign>
<msg timestamp="20210302 16:16:25.162" level="INFO">${name} = A-1 RENT-A-CAR
Accounting, Auditing, and Bookkeeping Services
ACTION AUTO RENTAL
ADAMS MARK HOTELS
Advertising Services
AEORFLOT
AER LINGUS</msg>
<status status="PASS" starttime="20210302 16:16:24.842" endtime="20210302 16:16:25.162"></status>
</kw>
<kw name="Split String" library="String">
<doc>Splits the ``string`` using ``separator`` as a delimiter string.</doc>
<arguments>
<arg>${name}</arg>
<arg>\n</arg>
</arguments>
<assign>
<var>@{values}</var>
</assign>
<msg timestamp="20210302 16:16:25.163" level="INFO">@{values} = [ A-1 RENT-A-CAR | Accounting, Auditing, and Bookkeeping Services | ACTION AUTO RENTAL | ADAMS MARK HOTELS | Advertising Services | AEORFLOT | AER LINGUS ]</msg>
<status status="PASS" starttime="20210302 16:16:25.162" endtime="20210302 16:16:25.163"></status>
</kw>
<kw name="Get Length" library="BuiltIn">
<doc>Returns and logs the length of the given item as an integer.</doc>
<arguments>
<arg>${values}</arg>
</arguments>
<assign>
<var>${count}</var>
</assign>
<msg timestamp="20210302 16:16:25.164" level="INFO">Length is 7</msg>
<msg timestamp="20210302 16:16:25.164" level="INFO">${count} = 7</msg>
<status status="PASS" starttime="20210302 16:16:25.164" endtime="20210302 16:16:25.165"></status>
</kw>
<kw name="Evaluate" library="BuiltIn">
<doc>Evaluates the given expression in Python and returns the result.</doc>
<arguments>
<arg>random.randint(0, ${count}-1)</arg>
<arg>random</arg>
</arguments>
<assign>
<var>${ran_int}</var>
</assign>
<msg timestamp="20210302 16:16:25.166" level="INFO">${ran_int} = 0</msg>
<status status="PASS" starttime="20210302 16:16:25.165" endtime="20210302 16:16:25.166"></status>
</kw>
<kw name="Click Element" library="Selenium2Library">
<doc>Click the element identified by ``locator``.</doc>
<arguments>
<arg>//*[contains(text(),'${values}[${ran_int}]')]</arg>
</arguments>
<msg timestamp="20210302 16:16:25.167" level="INFO">Clicking element '//*[contains(text(),'A-1 RENT-A-CAR')]'.</msg>
<status status="PASS" starttime="20210302 16:16:25.166" endtime="20210302 16:16:25.838"></status>
</kw>
<kw name="Set Variable" library="BuiltIn">
<doc>Returns the given values which can then be assigned to a variables.</doc>
<arguments>
<arg>${values}[${ran_int}]</arg>
</arguments>
<assign>
<var>${check_Bussiness}</var>
</assign>
<msg timestamp="20210302 16:16:25.839" level="INFO">${check_Bussiness} = A-1 RENT-A-CAR</msg>
<status status="PASS" starttime="20210302 16:16:25.838" endtime="20210302 16:16:25.839"></status>
</kw>
<kw name="Set Global Variable" library="BuiltIn">
<doc>Makes a variable available globally in all tests and suites.</doc>
<arguments>
<arg>${check_Bussiness}</arg>
</arguments>
<msg timestamp="20210302 16:16:25.841" level="INFO">${check_Bussiness} = A-1 RENT-A-CAR</msg>
<status status="PASS" starttime="20210302 16:16:25.840" endtime="20210302 16:16:25.841"></status>
</kw>
<status status="PASS" starttime="20210302 16:16:24.841" endtime="20210302 16:16:25.841"></status>
</kw>
<status status="PASS" starttime="20210302 16:16:24.841" endtime="20210302 16:16:25.841"></status>
</kw>
<status status="PASS" starttime="20210302 16:16:23.188" endtime="20210302 16:16:25.841"></status>
</kw>
<kw name="xpath to click" library="keyword_GlobalKeyword">
<arguments>
<arg>//*[@id="__next"]/div/div[2]/div[2]/form/div[1]/div[4]/div[2]/div[3]/div/input</arg>
</arguments>
<kw name="Set Global Variable" library="BuiltIn">
<doc>Makes a variable available globally in all tests and suites.</doc>
<arguments>
<arg>${xpath}</arg>
</arguments>
<msg timestamp="20210302 16:16:25.844" level="INFO">${xpath} = //*[@id="__next"]/div/div[2]/div[2]/form/div[1]/div[4]/div[2]/div[3]/div/input</msg>
<status status="PASS" starttime="20210302 16:16:25.843" endtime="20210302 16:16:25.844"></status>
</kw>
<status status="PASS" starttime="20210302 16:16:25.842" endtime="20210302 16:16:25.844"></status>
</kw>
<kw name="Input text field 'Tax No'" library="keyword_new_merchant">
<kw name="Generate Random String" library="String">
<doc>Generates a string with a desired ``length`` from the given ``chars``.</doc>
<arguments>
<arg>13</arg>
<arg>[NUMBERS]</arg>
</arguments>
<assign>
<var>${TaxNo}</var>
</assign>
<msg timestamp="20210302 16:16:25.846" level="INFO">${TaxNo} = 8324290089214</msg>
<status status="PASS" starttime="20210302 16:16:25.845" endtime="20210302 16:16:25.846"></status>
</kw>
<kw name="Click Element" library="Selenium2Library">
<doc>Click the element identified by ``locator``.</doc>
<arguments>
<arg>${xpath}</arg>
</arguments>
<msg timestamp="20210302 16:16:25.846" level="INFO">Clicking element '//*[@id="__next"]/div/div[2]/div[2]/form/div[1]/div[4]/div[2]/div[3]/div/input'.</msg>
<status status="PASS" starttime="20210302 16:16:25.846" endtime="20210302 16:16:26.519"></status>
</kw>
<kw name="Input Text" library="Selenium2Library">
<doc>Types the given ``text`` into the text field identified by ``locator``.</doc>
<arguments>
<arg>${xpath}</arg>
<arg>${TaxNo}</arg>
</arguments>
<msg timestamp="20210302 16:16:26.520" level="INFO">Typing text '8324290089214' into text field '//*[@id="__next"]/div/div[2]/div[2]/form/div[1]/div[4]/div[2]/div[3]/div/input'.</msg>
<status status="PASS" starttime="20210302 16:16:26.519" endtime="20210302 16:16:27.608"></status>
</kw>
<kw name="Set Variable" library="BuiltIn">
<doc>Returns the given values which can then be assigned to a variables.</doc>
<arguments>
<arg>${TaxNo}</arg>
</arguments>
<assign>
<var>${check_TaxNo}</var>
</assign>
<msg timestamp="20210302 16:16:27.609" level="INFO">${check_TaxNo} = 8324290089214</msg>
<status status="PASS" starttime="20210302 16:16:27.608" endtime="20210302 16:16:27.609"></status>
</kw>
<kw name="Set Global Variable" library="BuiltIn">
<doc>Makes a variable available globally in all tests and suites.</doc>
<arguments>
<arg>${check_TaxNo}</arg>
</arguments>
<msg timestamp="20210302 16:16:27.610" level="INFO">${check_TaxNo} = 8324290089214</msg>
<status status="PASS" starttime="20210302 16:16:27.609" endtime="20210302 16:16:27.610"></status>
</kw>
<status status="PASS" starttime="20210302 16:16:25.845" endtime="20210302 16:16:27.611"></status>
</kw>
<kw name="xpath to click" library="keyword_GlobalKeyword">
<arguments>
<arg>//*[@id="__next"]/div/div[2]/div[2]/form/div[2]/div[4]/div[1]/div/div/input</arg>
</arguments>
<kw name="Set Global Variable" library="BuiltIn">
<doc>Makes a variable available globally in all tests and suites.</doc>
<arguments>
<arg>${xpath}</arg>
</arguments>
<msg timestamp="20210302 16:16:27.614" level="INFO">${xpath} = //*[@id="__next"]/div/div[2]/div[2]/form/div[2]/div[4]/div[1]/div/div/input</msg>
<status status="PASS" starttime="20210302 16:16:27.613" endtime="20210302 16:16:27.614"></status>
</kw>
<status status="PASS" starttime="20210302 16:16:27.612" endtime="20210302 16:16:27.614"></status>
</kw>
<kw name="Input text field 'Phone No'" library="keyword_new_merchant">
<kw name="Generate Random String" library="String">
<doc>Generates a string with a desired ``length`` from the given ``chars``.</doc>
<arguments>
<arg>8</arg>
<arg>[NUMBERS]</arg>
</arguments>
<assign>
<var>${phone}</var>
</assign>
<msg timestamp="20210302 16:16:27.616" level="INFO">${phone} = 97980070</msg>
<status status="PASS" starttime="20210302 16:16:27.615" endtime="20210302 16:16:27.616"></status>
</kw>
<kw name="Set Variable" library="BuiltIn">
<doc>Returns the given values which can then be assigned to a variables.</doc>
<arguments>
<arg>09${phone}</arg>
</arguments>
<assign>
<var>${check_phone}</var>
</assign>
<msg timestamp="20210302 16:16:27.616" level="INFO">${check_phone} = 0997980070</msg>
<status status="PASS" starttime="20210302 16:16:27.616" endtime="20210302 16:16:27.616"></status>
</kw>
<kw name="Set Global Variable" library="BuiltIn">
<doc>Makes a variable available globally in all tests and suites.</doc>
<arguments>
<arg>${check_phone}</arg>
</arguments>
<msg timestamp="20210302 16:16:27.617" level="INFO">${check_phone} = 0997980070</msg>
<status status="PASS" starttime="20210302 16:16:27.617" endtime="20210302 16:16:27.617"></status>
</kw>
<kw name="Click Element" library="Selenium2Library">
<doc>Click the element identified by ``locator``.</doc>
<arguments>
<arg>${xpath}</arg>
</arguments>
<msg timestamp="20210302 16:16:27.618" level="INFO">Clicking element '//*[@id="__next"]/div/div[2]/div[2]/form/div[2]/div[4]/div[1]/div/div/input'.</msg>
<status status="PASS" starttime="20210302 16:16:27.618" endtime="20210302 16:16:28.291"></status>
</kw>
<kw name="Input Text" library="Selenium2Library">
<doc>Types the given ``text`` into the text field identified by ``locator``.</doc>
<arguments>
<arg>${xpath}</arg>
<arg>${check_phone}</arg>
</arguments>
<msg timestamp="20210302 16:16:28.293" level="INFO">Typing text '0997980070' into text field '//*[@id="__next"]/div/div[2]/div[2]/form/div[2]/div[4]/div[1]/div/div/input'.</msg>
<status status="PASS" starttime="20210302 16:16:28.292" endtime="20210302 16:16:29.346"></status>
</kw>
<status status="PASS" starttime="20210302 16:16:27.615" endtime="20210302 16:16:29.347"></status>
</kw>
<kw name="xpath to click" library="keyword_GlobalKeyword">
<arguments>
<arg>//*[@id="__next"]/div/div[2]/div[2]/form/div[2]/div[4]/div[2]/div/div/input</arg>
</arguments>
<kw name="Set Global Variable" library="BuiltIn">
<doc>Makes a variable available globally in all tests and suites.</doc>
<arguments>
<arg>${xpath}</arg>
</arguments>
<msg timestamp="20210302 16:16:29.349" level="INFO">${xpath} = //*[@id="__next"]/div/div[2]/div[2]/form/div[2]/div[4]/div[2]/div/div/input</msg>
<status status="PASS" starttime="20210302 16:16:29.348" endtime="20210302 16:16:29.349"></status>
</kw>
<status status="PASS" starttime="20210302 16:16:29.347" endtime="20210302 16:16:29.350"></status>
</kw>
<kw name="Input text field 'Email'" library="keyword_new_merchant">
<kw name="Generate Random String" library="String">
<doc>Generates a string with a desired ``length`` from the given ``chars``.</doc>
<arguments>
<arg>7</arg>
<arg>[LOWER]</arg>
</arguments>
<assign>
<var>${Email}</var>
</assign>
<msg timestamp="20210302 16:16:29.351" level="INFO">${Email} = dsgkina</msg>
<status status="PASS" starttime="20210302 16:16:29.351" endtime="20210302 16:16:29.351"></status>
</kw>
<kw name="Set Variable" library="BuiltIn">
<doc>Returns the given values which can then be assigned to a variables.</doc>
<arguments>
<arg>${Email}@gmail.com</arg>
</arguments>
<assign>
<var>${check_Email}</var>
</assign>
<msg timestamp="20210302 16:16:29.352" level="INFO">${check_Email} = dsgkina@gmail.com</msg>
<status status="PASS" starttime="20210302 16:16:29.352" endtime="20210302 16:16:29.352"></status>
</kw>
<kw name="Set Global Variable" library="BuiltIn">
<doc>Makes a variable available globally in all tests and suites.</doc>
<arguments>
<arg>${check_Email}</arg>
</arguments>
<msg timestamp="20210302 16:16:29.353" level="INFO">${check_Email} = dsgkina@gmail.com</msg>
<status status="PASS" starttime="20210302 16:16:29.352" endtime="20210302 16:16:29.353"></status>
</kw>
<kw name="Click Element" library="Selenium2Library">
<doc>Click the element identified by ``locator``.</doc>
<arguments>
<arg>${xpath}</arg>
</arguments>
<msg timestamp="20210302 16:16:29.354" level="INFO">Clicking element '//*[@id="__next"]/div/div[2]/div[2]/form/div[2]/div[4]/div[2]/div/div/input'.</msg>
<status status="PASS" starttime="20210302 16:16:29.353" endtime="20210302 16:16:30.028"></status>
</kw>
<kw name="Input Text" library="Selenium2Library">
<doc>Types the given ``text`` into the text field identified by ``locator``.</doc>
<arguments>
<arg>${xpath}</arg>
<arg>${check_Email}</arg>
</arguments>
<msg timestamp="20210302 16:16:30.030" level="INFO">Typing text 'dsgkina@gmail.com' into text field '//*[@id="__next"]/div/div[2]/div[2]/form/div[2]/div[4]/div[2]/div/div/input'.</msg>
<status status="PASS" starttime="20210302 16:16:30.029" endtime="20210302 16:16:31.128"></status>
</kw>
<status status="PASS" starttime="20210302 16:16:29.350" endtime="20210302 16:16:31.129"></status>
</kw>
<kw name="xpath to click" library="keyword_GlobalKeyword">
<arguments>
<arg>//*[@id="__next"]/div/div[2]/div[2]/form/div[2]/div[6]/div[1]/div[1]/div/input</arg>
</arguments>
<kw name="Set Global Variable" library="BuiltIn">
<doc>Makes a variable available globally in all tests and suites.</doc>
<arguments>
<arg>${xpath}</arg>
</arguments>
<msg timestamp="20210302 16:16:31.132" level="INFO">${xpath} = //*[@id="__next"]/div/div[2]/div[2]/form/div[2]/div[6]/div[1]/div[1]/div/input</msg>
<status status="PASS" starttime="20210302 16:16:31.131" endtime="20210302 16:16:31.132"></status>
</kw>
<status status="PASS" starttime="20210302 16:16:31.130" endtime="20210302 16:16:31.132"></status>
</kw>
<kw name="Input text field 'Address (EN)'" library="keyword_new_merchant">
<kw name="Generate Random String" library="String">
<doc>Generates a string with a desired ``length`` from the given ``chars``.</doc>
<arguments>
<arg>3</arg>
<arg>[LOWER]</arg>
</arguments>
<assign>
<var>${AddressEN}</var>
</assign>
<msg timestamp="20210302 16:16:31.134" level="INFO">${AddressEN} = xtt</msg>
<status status="PASS" starttime="20210302 16:16:31.133" endtime="20210302 16:16:31.134"></status>
</kw>
<kw name="Generate Random String" library="String">
<doc>Generates a string with a desired ``length`` from the given ``chars``.</doc>
<arguments>
<arg>2</arg>
<arg>[NUMBERS]</arg>
</arguments>
<assign>
<var>${AddressNUM}</var>
</assign>
<msg timestamp="20210302 16:16:31.135" level="INFO">${AddressNUM} = 93</msg>
<status status="PASS" starttime="20210302 16:16:31.134" endtime="20210302 16:16:31.135"></status>
</kw>
<kw name="Set Variable" library="BuiltIn">
<doc>Returns the given values which can then be assigned to a variables.</doc>
<arguments>
<arg>${AddressEN} ${AddressNUM}</arg>
</arguments>
<assign>
<var>${check_AddressEN}</var>
</assign>
<msg timestamp="20210302 16:16:31.136" level="INFO">${check_AddressEN} = xtt 93</msg>
<status status="PASS" starttime="20210302 16:16:31.135" endtime="20210302 16:16:31.136"></status>
</kw>
<kw name="Set Global Variable" library="BuiltIn">
<doc>Makes a variable available globally in all tests and suites.</doc>
<arguments>
<arg>${check_AddressEN}</arg>
</arguments>
<msg timestamp="20210302 16:16:31.137" level="INFO">${check_AddressEN} = xtt 93</msg>
<status status="PASS" starttime="20210302 16:16:31.136" endtime="20210302 16:16:31.137"></status>
</kw>
<kw name="Click Element" library="Selenium2Library">
<doc>Click the element identified by ``locator``.</doc>
<arguments>
<arg>${xpath}</arg>
</arguments>
<msg timestamp="20210302 16:16:31.138" level="INFO">Clicking element '//*[@id="__next"]/div/div[2]/div[2]/form/div[2]/div[6]/div[1]/div[1]/div/input'.</msg>
<status status="PASS" starttime="20210302 16:16:31.138" endtime="20210302 16:16:31.808"></status>
</kw>
<kw name="Input Text" library="Selenium2Library">
<doc>Types the given ``text`` into the text field identified by ``locator``.</doc>
<arguments>
<arg>${xpath}</arg>
<arg>${check_AddressEN}</arg>
</arguments>
<msg timestamp="20210302 16:16:31.809" level="INFO">Typing text 'xtt 93' into text field '//*[@id="__next"]/div/div[2]/div[2]/form/div[2]/div[6]/div[1]/div[1]/div/input'.</msg>
<status status="PASS" starttime="20210302 16:16:31.808" endtime="20210302 16:16:32.831"></status>
</kw>
<status status="PASS" starttime="20210302 16:16:31.133" endtime="20210302 16:16:32.832"></status>
</kw>
<kw name="xpath to click" library="keyword_GlobalKeyword">
<arguments>
<arg>//*[@id="__next"]/div/div[2]/div[2]/form/div[2]/div[6]/div[1]/div[2]/div/input</arg>
</arguments>
<kw name="Set Global Variable" library="BuiltIn">
<doc>Makes a variable available globally in all tests and suites.</doc>
<arguments>
<arg>${xpath}</arg>
</arguments>
<msg timestamp="20210302 16:16:32.834" level="INFO">${xpath} = //*[@id="__next"]/div/div[2]/div[2]/form/div[2]/div[6]/div[1]/div[2]/div/input</msg>
<status status="PASS" starttime="20210302 16:16:32.833" endtime="20210302 16:16:32.835"></status>
</kw>
<status status="PASS" starttime="20210302 16:16:32.832" endtime="20210302 16:16:32.835"></status>
</kw>
<kw name="Input text field 'Address (TH)'" library="keyword_new_merchant">
<kw name="Generate Random String" library="String">
<doc>Generates a string with a desired ``length`` from the given ``chars``.</doc>
<arguments>
<arg>3</arg>
<arg>[LOWER]</arg>
</arguments>
<assign>
<var>${AddressTH}</var>
</assign>
<msg timestamp="20210302 16:16:32.836" level="INFO">${AddressTH} = ott</msg>
<status status="PASS" starttime="20210302 16:16:32.836" endtime="20210302 16:16:32.836"></status>
</kw>
<kw name="Generate Random String" library="String">
<doc>Generates a string with a desired ``length`` from the given ``chars``.</doc>
<arguments>
<arg>2</arg>
<arg>[NUMBERS]</arg>
</arguments>
<assign>
<var>${AddressNUM}</var>
</assign>
<msg timestamp="20210302 16:16:32.837" level="INFO">${AddressNUM} = 86</msg>
<status status="PASS" starttime="20210302 16:16:32.837" endtime="20210302 16:16:32.837"></status>
</kw>
<kw name="Set Variable" library="BuiltIn">
<doc>Returns the given values which can then be assigned to a variables.</doc>
<arguments>
<arg>${AddressTH} ${AddressNUM}</arg>
</arguments>
<assign>
<var>${check_AddressTH}</var>
</assign>
<msg timestamp="20210302 16:16:32.838" level="INFO">${check_AddressTH} = ott 86</msg>
<status status="PASS" starttime="20210302 16:16:32.837" endtime="20210302 16:16:32.838"></status>
</kw>
<kw name="Set Global Variable" library="BuiltIn">
<doc>Makes a variable available globally in all tests and suites.</doc>
<arguments>
<arg>${check_AddressTH}</arg>
</arguments>
<msg timestamp="20210302 16:16:32.839" level="INFO">${check_AddressTH} = ott 86</msg>
<status status="PASS" starttime="20210302 16:16:32.838" endtime="20210302 16:16:32.839"></status>
</kw>
<kw name="Click Element" library="Selenium2Library">
<doc>Click the element identified by ``locator``.</doc>
<arguments>
<arg>${xpath}</arg>
</arguments>
<msg timestamp="20210302 16:16:32.840" level="INFO">Clicking element '//*[@id="__next"]/div/div[2]/div[2]/form/div[2]/div[6]/div[1]/div[2]/div/input'.</msg>
<status status="PASS" starttime="20210302 16:16:32.839" endtime="20210302 16:16:33.508"></status>
</kw>
<kw name="Input Text" library="Selenium2Library">
<doc>Types the given ``text`` into the text field identified by ``locator``.</doc>
<arguments>
<arg>${xpath}</arg>
<arg>${check_AddressTH}</arg>
</arguments>
<msg timestamp="20210302 16:16:33.509" level="INFO">Typing text 'ott 86' into text field '//*[@id="__next"]/div/div[2]/div[2]/form/div[2]/div[6]/div[1]/div[2]/div/input'.</msg>
<status status="PASS" starttime="20210302 16:16:33.509" endtime="20210302 16:16:34.529"></status>
</kw>
<status status="PASS" starttime="20210302 16:16:32.835" endtime="20210302 16:16:34.529"></status>
</kw>
<kw name="xpath to click" library="keyword_GlobalKeyword">
<arguments>
<arg>//*[@id="__next"]/div/div[2]/div[2]/form/div[2]/div[7]/div/div/div[2]</arg>
</arguments>
<kw name="Set Global Variable" library="BuiltIn">
<doc>Makes a variable available globally in all tests and suites.</doc>
<arguments>
<arg>${xpath}</arg>
</arguments>
<msg timestamp="20210302 16:16:34.532" level="INFO">${xpath} = //*[@id="__next"]/div/div[2]/div[2]/form/div[2]/div[7]/div/div/div[2]</msg>
<status status="PASS" starttime="20210302 16:16:34.531" endtime="20210302 16:16:34.532"></status>
</kw>
<status status="PASS" starttime="20210302 16:16:34.530" endtime="20210302 16:16:34.533"></status>
</kw>
<kw name="choose choice on dropdown field 'Province'" library="keyword_new_merchant">
<kw name="Wait Until Element Is Visible" library="Selenium2Library">
<doc>Waits until the element ``locator`` is visible.</doc>
<arguments>
<arg>//*[@id="__next"]/div/div[2]/div[2]/form/div[2]/div[7]/div/div/div</arg>
<arg>timeout=5s</arg>
</arguments>
<status status="PASS" starttime="20210302 16:16:34.534" endtime="20210302 16:16:35.178"></status>
</kw>
<kw name="Click Element" library="Selenium2Library">
<doc>Click the element identified by ``locator``.</doc>
<arguments>
<arg>//*[@id="__next"]/div/div[2]/div[2]/form/div[2]/div[7]/div/div/div</arg>
</arguments>
<msg timestamp="20210302 16:16:35.179" level="INFO">Clicking element '//*[@id="__next"]/div/div[2]/div[2]/form/div[2]/div[7]/div/div/div'.</msg>
<status status="PASS" starttime="20210302 16:16:35.179" endtime="20210302 16:16:35.933"></status>
</kw>
<kw name="Get WebElements" library="Selenium2Library">
<doc>Returns a list of WebElement objects matching the ``locator``.</doc>
<arguments>
<arg>${xpath}</arg>
</arguments>
<assign>
<var>@{locators}</var>
</assign>
<msg timestamp="20210302 16:16:36.256" level="INFO">@{locators} = [ &lt;selenium.webdriver.remote.webelement.WebElement (session="6ab2fa6c0deaa6d1253175fec72a2768", element="cb7db07c-460d-428e-b16d-2e2f9aac289f")&gt; ]</msg>
<status status="PASS" starttime="20210302 16:16:35.933" endtime="20210302 16:16:36.256"></status>
</kw>
<kw name="${locator} IN [ @{locators} ]" type="for">
<kw name="${locator} = &lt;selenium.webdriver.remote.webelement.WebElement (session=&quot;6ab2fa6c0deaa6d1253175fec72a2768&quot;, element=&quot;cb7db07c-460d-428e-b16d-2e2f9aac289f&quot;)&gt;" type="foritem">
<kw name="Get Text" library="Selenium2Library">
<doc>Returns the text value of the element identified by ``locator``.</doc>
<arguments>
<arg>${locator}</arg>
</arguments>
<assign>
<var>${name}</var>
</assign>
<msg timestamp="20210302 16:16:36.590" level="INFO">${name} = Khok Han, Khao Phanom, Krabi, 80240
Sin Pun, Khao Phanom, Krabi, 80240
Khao Khram, Mueang Krabi, Krabi, 81000
Khao Thong, Mueang Krabi, Krabi, 81000
Sai Thai, Mueang Krabi, Krabi, 81000
Krabi Yai, Mue...</msg>
<status status="PASS" starttime="20210302 16:16:36.257" endtime="20210302 16:16:36.590"></status>
</kw>
<kw name="Split String" library="String">
<doc>Splits the ``string`` using ``separator`` as a delimiter string.</doc>
<arguments>
<arg>${name}</arg>
<arg>\n</arg>
</arguments>
<assign>
<var>@{values}</var>
</assign>
<msg timestamp="20210302 16:16:36.591" level="INFO">@{values} = [ Khok Han, Khao Phanom, Krabi, 80240 | Sin Pun, Khao Phanom, Krabi, 80240 | Khao Khram, Mueang Krabi, Krabi, 81000 | Khao Thong, Mueang Krabi, Krabi, 81000 | Sai Thai, Mueang Krabi, Krabi, 81000 | Kr...</msg>
<status status="PASS" starttime="20210302 16:16:36.590" endtime="20210302 16:16:36.591"></status>
</kw>
<kw name="Get Length" library="BuiltIn">
<doc>Returns and logs the length of the given item as an integer.</doc>
<arguments>
<arg>${values}</arg>
</arguments>
<assign>
<var>${count}</var>
</assign>
<msg timestamp="20210302 16:16:36.592" level="INFO">Length is 7</msg>
<msg timestamp="20210302 16:16:36.592" level="INFO">${count} = 7</msg>
<status status="PASS" starttime="20210302 16:16:36.591" endtime="20210302 16:16:36.592"></status>
</kw>
<kw name="Evaluate" library="BuiltIn">
<doc>Evaluates the given expression in Python and returns the result.</doc>
<arguments>
<arg>random.randint(0, ${count}-1)</arg>
<arg>random</arg>
</arguments>
<assign>
<var>${ran_int}</var>
</assign>
<msg timestamp="20210302 16:16:36.594" level="INFO">${ran_int} = 3</msg>
<status status="PASS" starttime="20210302 16:16:36.593" endtime="20210302 16:16:36.594"></status>
</kw>
<kw name="Click Element" library="Selenium2Library">
<doc>Click the element identified by ``locator``.</doc>
<arguments>
<arg>//*[contains(text(),'${values}[${ran_int}]')]</arg>
</arguments>
<msg timestamp="20210302 16:16:36.595" level="INFO">Clicking element '//*[contains(text(),'Khao Thong, Mueang Krabi, Krabi, 81000')]'.</msg>
<status status="PASS" starttime="20210302 16:16:36.594" endtime="20210302 16:16:37.270"></status>
</kw>
<kw name="Set Variable" library="BuiltIn">
<doc>Returns the given values which can then be assigned to a variables.</doc>
<arguments>
<arg>${values}[${ran_int}]</arg>
</arguments>
<assign>
<var>${check_Province}</var>
</assign>
<msg timestamp="20210302 16:16:37.272" level="INFO">${check_Province} = Khao Thong, Mueang Krabi, Krabi, 81000</msg>
<status status="PASS" starttime="20210302 16:16:37.271" endtime="20210302 16:16:37.272"></status>
</kw>
<kw name="Set Global Variable" library="BuiltIn">
<doc>Makes a variable available globally in all tests and suites.</doc>
<arguments>
<arg>${check_Province}</arg>
</arguments>
<msg timestamp="20210302 16:16:37.273" level="INFO">${check_Province} = Khao Thong, Mueang Krabi, Krabi, 81000</msg>
<status status="PASS" starttime="20210302 16:16:37.272" endtime="20210302 16:16:37.273"></status>
</kw>
<status status="PASS" starttime="20210302 16:16:36.257" endtime="20210302 16:16:37.273"></status>
</kw>
<status status="PASS" starttime="20210302 16:16:36.256" endtime="20210302 16:16:37.273"></status>
</kw>
<status status="PASS" starttime="20210302 16:16:34.533" endtime="20210302 16:16:37.274"></status>
</kw>
<kw name="Click Element" library="Selenium2Library">
<doc>Click the element identified by ``locator``.</doc>
<arguments>
<arg>//*[@id="__next"]/div/div[2]/div[2]/form/div[3]/div[4]/div/div[1]</arg>
</arguments>
<msg timestamp="20210302 16:16:37.275" level="INFO">Clicking element '//*[@id="__next"]/div/div[2]/div[2]/form/div[3]/div[4]/div/div[1]'.</msg>
<status status="PASS" starttime="20210302 16:16:37.274" endtime="20210302 16:16:37.967"></status>
</kw>
<kw name="xpath to click" library="keyword_GlobalKeyword">
<arguments>
<arg>//*[@id="__next"]/div/div[2]/div[2]/form/div[4]/div[4]/div[1]/div/div/div[2]</arg>
</arguments>
<kw name="Set Global Variable" library="BuiltIn">
<doc>Makes a variable available globally in all tests and suites.</doc>
<arguments>
<arg>${xpath}</arg>
</arguments>
<msg timestamp="20210302 16:16:37.970" level="INFO">${xpath} = //*[@id="__next"]/div/div[2]/div[2]/form/div[4]/div[4]/div[1]/div/div/div[2]</msg>
<status status="PASS" starttime="20210302 16:16:37.969" endtime="20210302 16:16:37.970"></status>
</kw>
<status status="PASS" starttime="20210302 16:16:37.968" endtime="20210302 16:16:37.971"></status>
</kw>
<kw name="choose choice on dropdown field 'Bank Account'" library="keyword_new_merchant">
<kw name="Wait Until Element Is Visible" library="Selenium2Library">
<doc>Waits until the element ``locator`` is visible.</doc>
<arguments>
<arg>//*[@id="__next"]/div/div[2]/div[2]/form/div[4]/div[4]/div[1]/div/div/div</arg>
<arg>timeout=20s</arg>
</arguments>
<status status="PASS" starttime="20210302 16:16:37.972" endtime="20210302 16:16:38.613"></status>
</kw>
<kw name="Click Element" library="Selenium2Library">
<doc>Click the element identified by ``locator``.</doc>
<arguments>
<arg>//*[@id="__next"]/div/div[2]/div[2]/form/div[4]/div[4]/div[1]/div/div/div</arg>
</arguments>
<msg timestamp="20210302 16:16:38.614" level="INFO">Clicking element '//*[@id="__next"]/div/div[2]/div[2]/form/div[4]/div[4]/div[1]/div/div/div'.</msg>
<status status="PASS" starttime="20210302 16:16:38.614" endtime="20210302 16:16:39.296"></status>
</kw>
<kw name="Get WebElements" library="Selenium2Library">
<doc>Returns a list of WebElement objects matching the ``locator``.</doc>
<arguments>
<arg>${xpath}</arg>
</arguments>
<assign>
<var>@{locators}</var>
</assign>
<msg timestamp="20210302 16:16:39.618" level="INFO">@{locators} = [ &lt;selenium.webdriver.remote.webelement.WebElement (session="6ab2fa6c0deaa6d1253175fec72a2768", element="607882b8-75ff-49a0-b45f-2ab20d08bd3a")&gt; ]</msg>
<status status="PASS" starttime="20210302 16:16:39.296" endtime="20210302 16:16:39.618"></status>
</kw>
<kw name="${locator} IN [ @{locators} ]" type="for">
<kw name="${locator} = &lt;selenium.webdriver.remote.webelement.WebElement (session=&quot;6ab2fa6c0deaa6d1253175fec72a2768&quot;, element=&quot;607882b8-75ff-49a0-b45f-2ab20d08bd3a&quot;)&gt;" type="foritem">
<kw name="Get Text" library="Selenium2Library">
<doc>Returns the text value of the element identified by ``locator``.</doc>
<arguments>
<arg>${locator}</arg>
</arguments>
<assign>
<var>${name}</var>
</assign>
<msg timestamp="20210302 16:16:39.954" level="INFO">${name} = Bank of Ayudhya
Kasikornbank
Krung Thai Bank
The Siam Commercial Bank</msg>
<status status="PASS" starttime="20210302 16:16:39.619" endtime="20210302 16:16:39.954"></status>
</kw>
<kw name="Split String" library="String">
<doc>Splits the ``string`` using ``separator`` as a delimiter string.</doc>
<arguments>
<arg>${name}</arg>
<arg>\n</arg>
</arguments>
<assign>
<var>@{values}</var>
</assign>
<msg timestamp="20210302 16:16:39.956" level="INFO">@{values} = [ Bank of Ayudhya | Kasikornbank | Krung Thai Bank | The Siam Commercial Bank ]</msg>
<status status="PASS" starttime="20210302 16:16:39.955" endtime="20210302 16:16:39.956"></status>
</kw>
<kw name="Get Length" library="BuiltIn">
<doc>Returns and logs the length of the given item as an integer.</doc>
<arguments>
<arg>${values}</arg>
</arguments>
<assign>
<var>${count}</var>
</assign>
<msg timestamp="20210302 16:16:39.957" level="INFO">Length is 4</msg>
<msg timestamp="20210302 16:16:39.957" level="INFO">${count} = 4</msg>
<status status="PASS" starttime="20210302 16:16:39.956" endtime="20210302 16:16:39.957"></status>
</kw>
<kw name="Evaluate" library="BuiltIn">
<doc>Evaluates the given expression in Python and returns the result.</doc>
<arguments>
<arg>random.randint(0, ${count}-1)</arg>
<arg>random</arg>
</arguments>
<assign>
<var>${ran_int}</var>
</assign>
<msg timestamp="20210302 16:16:39.958" level="INFO">${ran_int} = 0</msg>
<status status="PASS" starttime="20210302 16:16:39.957" endtime="20210302 16:16:39.959"></status>
</kw>
<kw name="Click Element" library="Selenium2Library">
<doc>Click the element identified by ``locator``.</doc>
<arguments>
<arg>//*[contains(text(),'${values}[${ran_int}]')]</arg>
</arguments>
<msg timestamp="20210302 16:16:39.959" level="INFO">Clicking element '//*[contains(text(),'Bank of Ayudhya')]'.</msg>
<status status="PASS" starttime="20210302 16:16:39.959" endtime="20210302 16:16:40.625"></status>
</kw>
<kw name="Set Variable" library="BuiltIn">
<doc>Returns the given values which can then be assigned to a variables.</doc>
<arguments>
<arg>${values}[${ran_int}]</arg>
</arguments>
<assign>
<var>${check_BankAcc}</var>
</assign>
<msg timestamp="20210302 16:16:40.626" level="INFO">${check_BankAcc} = Bank of Ayudhya</msg>
<status status="PASS" starttime="20210302 16:16:40.625" endtime="20210302 16:16:40.626"></status>
</kw>
<kw name="Set Global Variable" library="BuiltIn">
<doc>Makes a variable available globally in all tests and suites.</doc>
<arguments>
<arg>${check_BankAcc}</arg>
</arguments>
<msg timestamp="20210302 16:16:40.627" level="INFO">${check_BankAcc} = Bank of Ayudhya</msg>
<status status="PASS" starttime="20210302 16:16:40.626" endtime="20210302 16:16:40.628"></status>
</kw>
<status status="PASS" starttime="20210302 16:16:39.619" endtime="20210302 16:16:40.628"></status>
</kw>
<status status="PASS" starttime="20210302 16:16:39.618" endtime="20210302 16:16:40.628"></status>
</kw>
<status status="PASS" starttime="20210302 16:16:37.971" endtime="20210302 16:16:40.628"></status>
</kw>
<kw name="xpath to click" library="keyword_GlobalKeyword">
<arguments>
<arg>//*[@id="__next"]/div/div[2]/div[2]/form/div[4]/div[4]/div[2]/div/input</arg>
</arguments>
<kw name="Set Global Variable" library="BuiltIn">
<doc>Makes a variable available globally in all tests and suites.</doc>
<arguments>
<arg>${xpath}</arg>
</arguments>
<msg timestamp="20210302 16:16:40.630" level="INFO">${xpath} = //*[@id="__next"]/div/div[2]/div[2]/form/div[4]/div[4]/div[2]/div/input</msg>
<status status="PASS" starttime="20210302 16:16:40.629" endtime="20210302 16:16:40.630"></status>
</kw>
<status status="PASS" starttime="20210302 16:16:40.628" endtime="20210302 16:16:40.630"></status>
</kw>
<kw name="Input text field 'Bank Account No.'" library="keyword_new_merchant">
<kw name="Generate Random String" library="String">
<doc>Generates a string with a desired ``length`` from the given ``chars``.</doc>
<arguments>
<arg>12</arg>
<arg>[NUMBERS]</arg>
</arguments>
<assign>
<var>${bankAccNo}</var>
</assign>
<msg timestamp="20210302 16:16:40.632" level="INFO">${bankAccNo} = 001590906448</msg>
<status status="PASS" starttime="20210302 16:16:40.631" endtime="20210302 16:16:40.632"></status>
</kw>
<kw name="Click Element" library="Selenium2Library">
<doc>Click the element identified by ``locator``.</doc>
<arguments>
<arg>${xpath}</arg>
</arguments>
<msg timestamp="20210302 16:16:40.633" level="INFO">Clicking element '//*[@id="__next"]/div/div[2]/div[2]/form/div[4]/div[4]/div[2]/div/input'.</msg>
<status status="PASS" starttime="20210302 16:16:40.632" endtime="20210302 16:16:41.299"></status>
</kw>
<kw name="Input Text" library="Selenium2Library">
<doc>Types the given ``text`` into the text field identified by ``locator``.</doc>
<arguments>
<arg>${xpath}</arg>
<arg>${bankAccNo}</arg>
</arguments>
<msg timestamp="20210302 16:16:41.301" level="INFO">Typing text '001590906448' into text field '//*[@id="__next"]/div/div[2]/div[2]/form/div[4]/div[4]/div[2]/div/input'.</msg>
<status status="PASS" starttime="20210302 16:16:41.300" endtime="20210302 16:16:42.364"></status>
</kw>
<kw name="Set Variable" library="BuiltIn">
<doc>Returns the given values which can then be assigned to a variables.</doc>
<arguments>
<arg>${bankAccNo}</arg>
</arguments>
<assign>
<var>${check_bankAccNo}</var>
</assign>
<msg timestamp="20210302 16:16:42.366" level="INFO">${check_bankAccNo} = 001590906448</msg>
<status status="PASS" starttime="20210302 16:16:42.365" endtime="20210302 16:16:42.366"></status>
</kw>
<kw name="Set Global Variable" library="BuiltIn">
<doc>Makes a variable available globally in all tests and suites.</doc>
<arguments>
<arg>${check_bankAccNo}</arg>
</arguments>
<msg timestamp="20210302 16:16:42.368" level="INFO">${check_bankAccNo} = 001590906448</msg>
<status status="PASS" starttime="20210302 16:16:42.366" endtime="20210302 16:16:42.368"></status>
</kw>
<status status="PASS" starttime="20210302 16:16:40.631" endtime="20210302 16:16:42.368"></status>
</kw>
<kw name="xpath to click" library="keyword_GlobalKeyword">
<arguments>
<arg>//*[@id="__next"]/div/div[2]/div[2]/form/div[5]/div[4]/div/input</arg>
</arguments>
<kw name="Set Global Variable" library="BuiltIn">
<doc>Makes a variable available globally in all tests and suites.</doc>
<arguments>
<arg>${xpath}</arg>
</arguments>
<msg timestamp="20210302 16:16:42.370" level="INFO">${xpath} = //*[@id="__next"]/div/div[2]/div[2]/form/div[5]/div[4]/div/input</msg>
<status status="PASS" starttime="20210302 16:16:42.369" endtime="20210302 16:16:42.370"></status>
</kw>
<status status="PASS" starttime="20210302 16:16:42.369" endtime="20210302 16:16:42.370"></status>
</kw>
<kw name="Input text field 'Username'" library="keyword_new_merchant">
<kw name="Generate Random String" library="String">
<doc>Generates a string with a desired ``length`` from the given ``chars``.</doc>
<arguments>
<arg>12</arg>
<arg>[LOWER]</arg>
</arguments>
<assign>
<var>${Username}</var>
</assign>
<msg timestamp="20210302 16:16:42.373" level="INFO">${Username} = wacatrjopgbx</msg>
<status status="PASS" starttime="20210302 16:16:42.373" endtime="20210302 16:16:42.373"></status>
</kw>
<kw name="Click Element" library="Selenium2Library">
<doc>Click the element identified by ``locator``.</doc>
<arguments>
<arg>${xpath}</arg>
</arguments>
<msg timestamp="20210302 16:16:42.374" level="INFO">Clicking element '//*[@id="__next"]/div/div[2]/div[2]/form/div[5]/div[4]/div/input'.</msg>
<status status="PASS" starttime="20210302 16:16:42.374" endtime="20210302 16:16:43.042"></status>
</kw>
<kw name="Input Text" library="Selenium2Library">
<doc>Types the given ``text`` into the text field identified by ``locator``.</doc>
<arguments>
<arg>${xpath}</arg>
<arg>${Username}</arg>
</arguments>
<msg timestamp="20210302 16:16:43.043" level="INFO">Typing text 'wacatrjopgbx' into text field '//*[@id="__next"]/div/div[2]/div[2]/form/div[5]/div[4]/div/input'.</msg>
<status status="PASS" starttime="20210302 16:16:43.042" endtime="20210302 16:16:44.106"></status>
</kw>
<kw name="Set Variable" library="BuiltIn">
<doc>Returns the given values which can then be assigned to a variables.</doc>
<arguments>
<arg>${Username}</arg>
</arguments>
<assign>
<var>${check_Username}</var>
</assign>
<msg timestamp="20210302 16:16:44.107" level="INFO">${check_Username} = wacatrjopgbx</msg>
<status status="PASS" starttime="20210302 16:16:44.106" endtime="20210302 16:16:44.107"></status>
</kw>
<kw name="Set Global Variable" library="BuiltIn">
<doc>Makes a variable available globally in all tests and suites.</doc>
<arguments>
<arg>${check_Username}</arg>
</arguments>
<msg timestamp="20210302 16:16:44.108" level="INFO">${check_Username} = wacatrjopgbx</msg>
<status status="PASS" starttime="20210302 16:16:44.107" endtime="20210302 16:16:44.108"></status>
</kw>
<status status="PASS" starttime="20210302 16:16:42.371" endtime="20210302 16:16:44.109"></status>
</kw>
<kw name="xpath to click" library="keyword_GlobalKeyword">
<arguments>
<arg>//*[@id="__next"]/div/div[2]/div[2]/form/div[5]/div[5]/div[1]/div/input</arg>
</arguments>
<kw name="Set Global Variable" library="BuiltIn">
<doc>Makes a variable available globally in all tests and suites.</doc>
<arguments>
<arg>${xpath}</arg>
</arguments>
<msg timestamp="20210302 16:16:44.111" level="INFO">${xpath} = //*[@id="__next"]/div/div[2]/div[2]/form/div[5]/div[5]/div[1]/div/input</msg>
<status status="PASS" starttime="20210302 16:16:44.110" endtime="20210302 16:16:44.111"></status>
</kw>
<status status="PASS" starttime="20210302 16:16:44.109" endtime="20210302 16:16:44.111"></status>
</kw>
<kw name="Input text field 'First name'" library="keyword_new_merchant">
<kw name="Generate Random String" library="String">
<doc>Generates a string with a desired ``length`` from the given ``chars``.</doc>
<arguments>
<arg>12</arg>
<arg>[LOWER]</arg>
</arguments>
<assign>
<var>${fname}</var>
</assign>
<msg timestamp="20210302 16:16:44.113" level="INFO">${fname} = djqqggxdjftw</msg>
<status status="PASS" starttime="20210302 16:16:44.112" endtime="20210302 16:16:44.113"></status>
</kw>
<kw name="Click Element" library="Selenium2Library">
<doc>Click the element identified by ``locator``.</doc>
<arguments>
<arg>${xpath}</arg>
</arguments>
<msg timestamp="20210302 16:16:44.113" level="INFO">Clicking element '//*[@id="__next"]/div/div[2]/div[2]/form/div[5]/div[5]/div[1]/div/input'.</msg>
<status status="PASS" starttime="20210302 16:16:44.113" endtime="20210302 16:16:44.770"></status>
</kw>
<kw name="Input Text" library="Selenium2Library">
<doc>Types the given ``text`` into the text field identified by ``locator``.</doc>
<arguments>
<arg>${xpath}</arg>
<arg>${fname}</arg>
</arguments>
<msg timestamp="20210302 16:16:44.771" level="INFO">Typing text 'djqqggxdjftw' into text field '//*[@id="__next"]/div/div[2]/div[2]/form/div[5]/div[5]/div[1]/div/input'.</msg>
<status status="PASS" starttime="20210302 16:16:44.770" endtime="20210302 16:16:45.842"></status>
</kw>
<kw name="Set Variable" library="BuiltIn">
<doc>Returns the given values which can then be assigned to a variables.</doc>
<arguments>
<arg>${fname}</arg>
</arguments>
<assign>
<var>${check_fname}</var>
</assign>
<msg timestamp="20210302 16:16:45.843" level="INFO">${check_fname} = djqqggxdjftw</msg>
<status status="PASS" starttime="20210302 16:16:45.842" endtime="20210302 16:16:45.843"></status>
</kw>
<kw name="Set Global Variable" library="BuiltIn">
<doc>Makes a variable available globally in all tests and suites.</doc>
<arguments>
<arg>${check_fname}</arg>
</arguments>
<msg timestamp="20210302 16:16:45.844" level="INFO">${check_fname} = djqqggxdjftw</msg>
<status status="PASS" starttime="20210302 16:16:45.843" endtime="20210302 16:16:45.844"></status>
</kw>
<status status="PASS" starttime="20210302 16:16:44.112" endtime="20210302 16:16:45.845"></status>
</kw>
<kw name="xpath to click" library="keyword_GlobalKeyword">
<arguments>
<arg>//*[@id="__next"]/div/div[2]/div[2]/form/div[5]/div[5]/div[2]/div/input</arg>
</arguments>
<kw name="Set Global Variable" library="BuiltIn">
<doc>Makes a variable available globally in all tests and suites.</doc>
<arguments>
<arg>${xpath}</arg>
</arguments>
<msg timestamp="20210302 16:16:45.847" level="INFO">${xpath} = //*[@id="__next"]/div/div[2]/div[2]/form/div[5]/div[5]/div[2]/div/input</msg>
<status status="PASS" starttime="20210302 16:16:45.846" endtime="20210302 16:16:45.847"></status>
</kw>
<status status="PASS" starttime="20210302 16:16:45.845" endtime="20210302 16:16:45.847"></status>
</kw>
<kw name="Input text field 'Last name'" library="keyword_new_merchant">
<kw name="Generate Random String" library="String">
<doc>Generates a string with a desired ``length`` from the given ``chars``.</doc>
<arguments>
<arg>12</arg>
<arg>[LOWER]</arg>
</arguments>
<assign>
<var>${lname}</var>
</assign>
<msg timestamp="20210302 16:16:45.850" level="INFO">${lname} = rlmlkvofnfzc</msg>
<status status="PASS" starttime="20210302 16:16:45.849" endtime="20210302 16:16:45.850"></status>
</kw>
<kw name="Click Element" library="Selenium2Library">
<doc>Click the element identified by ``locator``.</doc>
<arguments>
<arg>${xpath}</arg>
</arguments>
<msg timestamp="20210302 16:16:45.850" level="INFO">Clicking element '//*[@id="__next"]/div/div[2]/div[2]/form/div[5]/div[5]/div[2]/div/input'.</msg>
<status status="PASS" starttime="20210302 16:16:45.850" endtime="20210302 16:16:46.519"></status>
</kw>
<kw name="Input Text" library="Selenium2Library">
<doc>Types the given ``text`` into the text field identified by ``locator``.</doc>
<arguments>
<arg>${xpath}</arg>
<arg>${lname}</arg>
</arguments>
<msg timestamp="20210302 16:16:46.521" level="INFO">Typing text 'rlmlkvofnfzc' into text field '//*[@id="__next"]/div/div[2]/div[2]/form/div[5]/div[5]/div[2]/div/input'.</msg>
<status status="PASS" starttime="20210302 16:16:46.520" endtime="20210302 16:16:47.571"></status>
</kw>
<kw name="Set Variable" library="BuiltIn">
<doc>Returns the given values which can then be assigned to a variables.</doc>
<arguments>
<arg>${lname}</arg>
</arguments>
<assign>
<var>${check_lname}</var>
</assign>
<msg timestamp="20210302 16:16:47.573" level="INFO">${check_lname} = rlmlkvofnfzc</msg>
<status status="PASS" starttime="20210302 16:16:47.572" endtime="20210302 16:16:47.573"></status>
</kw>
<kw name="Set Global Variable" library="BuiltIn">
<doc>Makes a variable available globally in all tests and suites.</doc>
<arguments>
<arg>${check_lname}</arg>
</arguments>
<msg timestamp="20210302 16:16:47.574" level="INFO">${check_lname} = rlmlkvofnfzc</msg>
<status status="PASS" starttime="20210302 16:16:47.573" endtime="20210302 16:16:47.574"></status>
</kw>
<status status="PASS" starttime="20210302 16:16:45.848" endtime="20210302 16:16:47.574"></status>
</kw>
<kw name="xpath to click" library="keyword_GlobalKeyword">
<arguments>
<arg>//*[@id="__next"]/div/div[2]/div[2]/form/div[5]/div[6]/div[1]/div/input</arg>
</arguments>
<kw name="Set Global Variable" library="BuiltIn">
<doc>Makes a variable available globally in all tests and suites.</doc>
<arguments>
<arg>${xpath}</arg>
</arguments>
<msg timestamp="20210302 16:16:47.576" level="INFO">${xpath} = //*[@id="__next"]/div/div[2]/div[2]/form/div[5]/div[6]/div[1]/div/input</msg>
<status status="PASS" starttime="20210302 16:16:47.575" endtime="20210302 16:16:47.576"></status>
</kw>
<status status="PASS" starttime="20210302 16:16:47.575" endtime="20210302 16:16:47.576"></status>
</kw>
<kw name="Input text field 'Email 2'" library="keyword_new_merchant">
<kw name="Generate Random String" library="String">
<doc>Generates a string with a desired ``length`` from the given ``chars``.</doc>
<arguments>
<arg>12</arg>
<arg>[LOWER]</arg>
</arguments>
<assign>
<var>${Email}</var>
</assign>
<msg timestamp="20210302 16:16:47.578" level="INFO">${Email} = pfvzinzpysbq</msg>
<status status="PASS" starttime="20210302 16:16:47.577" endtime="20210302 16:16:47.578"></status>
</kw>
<kw name="Set Variable" library="BuiltIn">
<doc>Returns the given values which can then be assigned to a variables.</doc>
<arguments>
<arg>${Email}@gmail.com</arg>
</arguments>
<assign>
<var>${check_Email2}</var>
</assign>
<msg timestamp="20210302 16:16:47.578" level="INFO">${check_Email2} = pfvzinzpysbq@gmail.com</msg>
<status status="PASS" starttime="20210302 16:16:47.578" endtime="20210302 16:16:47.579"></status>
</kw>
<kw name="Set Global Variable" library="BuiltIn">
<doc>Makes a variable available globally in all tests and suites.</doc>
<arguments>
<arg>${check_Email2}</arg>
</arguments>
<msg timestamp="20210302 16:16:47.579" level="INFO">${check_Email2} = pfvzinzpysbq@gmail.com</msg>
<status status="PASS" starttime="20210302 16:16:47.579" endtime="20210302 16:16:47.580"></status>
</kw>
<kw name="Click Element" library="Selenium2Library">
<doc>Click the element identified by ``locator``.</doc>
<arguments>
<arg>${xpath}</arg>
</arguments>
<msg timestamp="20210302 16:16:47.580" level="INFO">Clicking element '//*[@id="__next"]/div/div[2]/div[2]/form/div[5]/div[6]/div[1]/div/input'.</msg>
<status status="PASS" starttime="20210302 16:16:47.580" endtime="20210302 16:16:48.238"></status>
</kw>
<kw name="Input Text" library="Selenium2Library">
<doc>Types the given ``text`` into the text field identified by ``locator``.</doc>
<arguments>
<arg>${xpath}</arg>
<arg>${check_Email2}</arg>
</arguments>
<msg timestamp="20210302 16:16:48.239" level="INFO">Typing text 'pfvzinzpysbq@gmail.com' into text field '//*[@id="__next"]/div/div[2]/div[2]/form/div[5]/div[6]/div[1]/div/input'.</msg>
<status status="PASS" starttime="20210302 16:16:48.238" endtime="20210302 16:16:49.355"></status>
</kw>
<status status="PASS" starttime="20210302 16:16:47.577" endtime="20210302 16:16:49.356"></status>
</kw>
<kw name="xpath to click" library="keyword_GlobalKeyword">
<arguments>
<arg>//*[@id="__next"]/div/div[2]/div[2]/form/div[5]/div[6]/div[2]/div/input</arg>
</arguments>
<kw name="Set Global Variable" library="BuiltIn">
<doc>Makes a variable available globally in all tests and suites.</doc>
<arguments>
<arg>${xpath}</arg>
</arguments>
<msg timestamp="20210302 16:16:49.358" level="INFO">${xpath} = //*[@id="__next"]/div/div[2]/div[2]/form/div[5]/div[6]/div[2]/div/input</msg>
<status status="PASS" starttime="20210302 16:16:49.358" endtime="20210302 16:16:49.359"></status>
</kw>
<status status="PASS" starttime="20210302 16:16:49.356" endtime="20210302 16:16:49.359"></status>
</kw>
<kw name="Input text field 'Phone No. 2'" library="keyword_new_merchant">
<kw name="Generate Random String" library="String">
<doc>Generates a string with a desired ``length`` from the given ``chars``.</doc>
<arguments>
<arg>8</arg>
<arg>[NUMBERS]</arg>
</arguments>
<assign>
<var>${phone}</var>
</assign>
<msg timestamp="20210302 16:16:49.361" level="INFO">${phone} = 83072115</msg>
<status status="PASS" starttime="20210302 16:16:49.360" endtime="20210302 16:16:49.361"></status>
</kw>
<kw name="Set Variable" library="BuiltIn">
<doc>Returns the given values which can then be assigned to a variables.</doc>
<arguments>
<arg>09${phone}</arg>
</arguments>
<assign>
<var>${check_phone2}</var>
</assign>
<msg timestamp="20210302 16:16:49.361" level="INFO">${check_phone2} = 0983072115</msg>
<status status="PASS" starttime="20210302 16:16:49.361" endtime="20210302 16:16:49.361"></status>
</kw>
<kw name="Set Global Variable" library="BuiltIn">
<doc>Makes a variable available globally in all tests and suites.</doc>
<arguments>
<arg>${check_phone2}</arg>
</arguments>
<msg timestamp="20210302 16:16:49.362" level="INFO">${check_phone2} = 0983072115</msg>
<status status="PASS" starttime="20210302 16:16:49.362" endtime="20210302 16:16:49.362"></status>
</kw>
<kw name="Click Element" library="Selenium2Library">
<doc>Click the element identified by ``locator``.</doc>
<arguments>
<arg>${xpath}</arg>
</arguments>
<msg timestamp="20210302 16:16:49.364" level="INFO">Clicking element '//*[@id="__next"]/div/div[2]/div[2]/form/div[5]/div[6]/div[2]/div/input'.</msg>
<status status="PASS" starttime="20210302 16:16:49.363" endtime="20210302 16:16:50.029"></status>
</kw>
<kw name="Input Text" library="Selenium2Library">
<doc>Types the given ``text`` into the text field identified by ``locator``.</doc>
<arguments>
<arg>${xpath}</arg>
<arg>${check_phone2}</arg>
</arguments>
<msg timestamp="20210302 16:16:50.030" level="INFO">Typing text '0983072115' into text field '//*[@id="__next"]/div/div[2]/div[2]/form/div[5]/div[6]/div[2]/div/input'.</msg>
<status status="PASS" starttime="20210302 16:16:50.029" endtime="20210302 16:16:51.070"></status>
</kw>
<status status="PASS" starttime="20210302 16:16:49.359" endtime="20210302 16:16:51.071"></status>
</kw>
<status status="PASS" starttime="20210302 16:16:19.647" endtime="20210302 16:16:51.072" critical="yes"></status>
</test>
<test id="s1-t4" name="TC05-12 ใน filed รายละเอียดใบกำกับภาษี เลือก ที่อยู่ใหม่">
<kw name="ARROW UP" library="keyword_new_merchant">
<kw name="Press Keys" library="Selenium2Library">
<doc>Simulates the user pressing key(s) to an element or on the active browser.</doc>
<arguments>
<arg>//*[@id="__next"]/div/div[2]/div[2]/div[1]/div</arg>
<arg>ALT+ARROW_UP</arg>
</arguments>
<msg timestamp="20210302 16:16:51.080" level="INFO">Sending key(s) ('ALT+ARROW_UP',) to //*[@id="__next"]/div/div[2]/div[2]/div[1]/div element.</msg>
<msg timestamp="20210302 16:16:52.004" level="INFO">Pressing special key ALT down.</msg>
<msg timestamp="20210302 16:16:52.005" level="INFO">Pressing special key ARROW_UP down.</msg>
<msg timestamp="20210302 16:16:52.005" level="INFO">Releasing special key ALT.</msg>
<msg timestamp="20210302 16:16:52.005" level="INFO">Releasing special key ARROW_UP.</msg>
<status status="PASS" starttime="20210302 16:16:51.079" endtime="20210302 16:16:52.321"></status>
</kw>
<status status="PASS" starttime="20210302 16:16:51.078" endtime="20210302 16:16:52.322"></status>
</kw>
<kw name="Click Element" library="Selenium2Library">
<doc>Click the element identified by ``locator``.</doc>
<arguments>
<arg>//*[@id="__next"]/div/div[2]/div[2]/form/div[3]/div[4]/div/div[2]</arg>
</arguments>
<msg timestamp="20210302 16:16:52.323" level="INFO">Clicking element '//*[@id="__next"]/div/div[2]/div[2]/form/div[3]/div[4]/div/div[2]'.</msg>
<status status="PASS" starttime="20210302 16:16:52.323" endtime="20210302 16:16:53.008"></status>
</kw>
<kw name="xpath to click" library="keyword_GlobalKeyword">
<arguments>
<arg>//*[@id="__next"]/div/div[2]/div[2]/form/div[3]/div[5]/div[1]/div[1]/div/input</arg>
</arguments>
<kw name="Set Global Variable" library="BuiltIn">
<doc>Makes a variable available globally in all tests and suites.</doc>
<arguments>
<arg>${xpath}</arg>
</arguments>
<msg timestamp="20210302 16:16:53.010" level="INFO">${xpath} = //*[@id="__next"]/div/div[2]/div[2]/form/div[3]/div[5]/div[1]/div[1]/div/input</msg>
<status status="PASS" starttime="20210302 16:16:53.009" endtime="20210302 16:16:53.010"></status>
</kw>
<status status="PASS" starttime="20210302 16:16:53.008" endtime="20210302 16:16:53.010"></status>
</kw>
<kw name="Input text field Tax 'Address (EN)'" library="keyword_new_merchant">
<kw name="Generate Random String" library="String">
<doc>Generates a string with a desired ``length`` from the given ``chars``.</doc>
<arguments>
<arg>3</arg>
<arg>[LOWER]</arg>
</arguments>
<assign>
<var>${AddressEN}</var>
</assign>
<msg timestamp="20210302 16:16:53.012" level="INFO">${AddressEN} = xul</msg>
<status status="PASS" starttime="20210302 16:16:53.011" endtime="20210302 16:16:53.012"></status>
</kw>
<kw name="Generate Random String" library="String">
<doc>Generates a string with a desired ``length`` from the given ``chars``.</doc>
<arguments>
<arg>2</arg>
<arg>[NUMBERS]</arg>
</arguments>
<assign>
<var>${AddressNUM}</var>
</assign>
<msg timestamp="20210302 16:16:53.012" level="INFO">${AddressNUM} = 82</msg>
[...]
<doc>Types the given ``text`` into the text field identified by ``locator``.</doc>
<arguments>
<arg>${xpath}</arg>
<arg>${INDEX}</arg>
</arguments>
<msg timestamp="20210302 16:18:38.980" level="INFO">Typing text '-10' into text field '//*[@id="__next"]/div/div[2]/div[2]/form/div[1]/div[7]/div[2]/div[1]/div/input'.</msg>
<status status="PASS" starttime="20210302 16:18:38.980" endtime="20210302 16:18:40.015"></status>
</kw>
<kw name="Get Element Attribute" library="Selenium2Library">
<doc>Returns the value of ``attribute`` from the element ``locator``.</doc>
<arguments>
<arg>${xpath}</arg>
<arg>value</arg>
</arguments>
<assign>
<var>${message}</var>
</assign>
<msg timestamp="20210302 16:18:40.648" level="INFO">${message} = 00</msg>
<status status="PASS" starttime="20210302 16:18:40.015" endtime="20210302 16:18:40.648"></status>
</kw>
<kw name="Should Be Equal As Strings" library="BuiltIn">
<doc>Fails if objects are unequal after converting them to strings.</doc>
<arguments>
<arg>${message}</arg>
<arg>00</arg>
</arguments>
<status status="PASS" starttime="20210302 16:18:40.648" endtime="20210302 16:18:40.649"></status>
</kw>
<status status="PASS" starttime="20210302 16:18:38.328" endtime="20210302 16:18:40.649"></status>
</kw>
<kw name="xpath to click" library="keyword_GlobalKeyword">
<arguments>
<arg>//*[@id="__next"]/div/div[2]/div[2]/form/div[1]/div[7]/div[2]/div[1]/div/input</arg>
</arguments>
<kw name="Set Global Variable" library="BuiltIn">
<doc>Makes a variable available globally in all tests and suites.</doc>
<arguments>
<arg>${xpath}</arg>
</arguments>
<msg timestamp="20210302 16:18:40.652" level="INFO">${xpath} = //*[@id="__next"]/div/div[2]/div[2]/form/div[1]/div[7]/div[2]/div[1]/div/input</msg>
<status status="PASS" starttime="20210302 16:18:40.651" endtime="20210302 16:18:40.652"></status>
</kw>
<status status="PASS" starttime="20210302 16:18:40.650" endtime="20210302 16:18:40.652"></status>
</kw>
<kw name="Input text field 'MRD'" library="keyword_new_merchant">
<arguments>
<arg>0.3</arg>
</arguments>
<kw name="Click Element" library="Selenium2Library">
<doc>Click the element identified by ``locator``.</doc>
<arguments>
<arg>${xpath}</arg>
</arguments>
<msg timestamp="20210302 16:18:40.654" level="INFO">Clicking element '//*[@id="__next"]/div/div[2]/div[2]/form/div[1]/div[7]/div[2]/div[1]/div/input'.</msg>
<status status="PASS" starttime="20210302 16:18:40.653" endtime="20210302 16:18:41.303"></status>
</kw>
<kw name="Input Text" library="Selenium2Library">
<doc>Types the given ``text`` into the text field identified by ``locator``.</doc>
<arguments>
<arg>${xpath}</arg>
<arg>${MRD}</arg>
</arguments>
<msg timestamp="20210302 16:18:41.305" level="INFO">Typing text '0.3' into text field '//*[@id="__next"]/div/div[2]/div[2]/form/div[1]/div[7]/div[2]/div[1]/div/input'.</msg>
<status status="PASS" starttime="20210302 16:18:41.304" endtime="20210302 16:18:42.341"></status>
</kw>
<kw name="Set Variable" library="BuiltIn">
<doc>Returns the given values which can then be assigned to a variables.</doc>
<arguments>
<arg>${MRD}</arg>
</arguments>
<assign>
<var>${check_MRD}</var>
</assign>
<msg timestamp="20210302 16:18:42.342" level="INFO">${check_MRD} = 0.3</msg>
<status status="PASS" starttime="20210302 16:18:42.342" endtime="20210302 16:18:42.343"></status>
</kw>
<kw name="Set Global Variable" library="BuiltIn">
<doc>Makes a variable available globally in all tests and suites.</doc>
<arguments>
<arg>${check_MRD}</arg>
</arguments>
<msg timestamp="20210302 16:18:42.344" level="INFO">${check_MRD} = 0.3</msg>
<status status="PASS" starttime="20210302 16:18:42.343" endtime="20210302 16:18:42.344"></status>
</kw>
<status status="PASS" starttime="20210302 16:18:40.652" endtime="20210302 16:18:42.344"></status>
</kw>
<kw name="click 'Next' button page Payment Profile" library="keyword_new_merchant">
<kw name="Wait Until Element Is Visible" library="Selenium2Library">
<doc>Waits until the element ``locator`` is visible.</doc>
<arguments>
<arg>//*[@id="__next"]/div/div[2]/div[2]/form/div[2]/div[2]/div[2]/button</arg>
<arg>timeout=5s</arg>
</arguments>
<status status="PASS" starttime="20210302 16:18:42.345" endtime="20210302 16:18:42.981"></status>
</kw>
<kw name="Click Button" library="Selenium2Library">
<doc>Clicks the button identified by ``locator``.</doc>
<arguments>
<arg>//*[@id="__next"]/div/div[2]/div[2]/form/div[2]/div[2]/div[2]/button</arg>
</arguments>
<msg timestamp="20210302 16:18:42.982" level="INFO">Clicking button '//*[@id="__next"]/div/div[2]/div[2]/form/div[2]/div[2]/div[2]/button'.</msg>
<status status="PASS" starttime="20210302 16:18:42.981" endtime="20210302 16:18:44.615"></status>
</kw>
<kw name="Wait Until Page Contains" library="Selenium2Library">
<doc>Waits until ``text`` appears on the current page.</doc>
<arguments>
<arg>Summary</arg>
</arguments>
<status status="PASS" starttime="20210302 16:18:44.616" endtime="20210302 16:18:44.936"></status>
</kw>
<status status="PASS" starttime="20210302 16:18:42.345" endtime="20210302 16:18:44.936"></status>
</kw>
<kw name="click button 'Confirm'" library="keyword_new_merchant">
<kw name="Click Element" library="Selenium2Library">
<doc>Click the element identified by ``locator``.</doc>
<arguments>
<arg>//*[@id="__next"]/div/div[2]/div[2]/div[10]/div[2]/button</arg>
</arguments>
<msg timestamp="20210302 16:18:44.939" level="INFO">Clicking element '//*[@id="__next"]/div/div[2]/div[2]/div[10]/div[2]/button'.</msg>
<status status="PASS" starttime="20210302 16:18:44.938" endtime="20210302 16:18:45.619"></status>
</kw>
<status status="PASS" starttime="20210302 16:18:44.937" endtime="20210302 16:18:45.620"></status>
</kw>
<status status="PASS" starttime="20210302 16:18:38.324" endtime="20210302 16:18:45.621" critical="yes"></status>
</test>
<test id="s1-t15" name="TC_06-24 Verify field Username ซ้ำกับที่มีในระบบ">
<kw name="check duplicate Username" library="keyword_new_merchant">
<kw name="Wait Until Element Is Visible" library="Selenium2Library">
<doc>Waits until the element ``locator`` is visible.</doc>
<arguments>
<arg>//*[@id="swal2-content"]</arg>
</arguments>
<status status="PASS" starttime="20210302 16:18:45.626" endtime="20210302 16:18:46.264"></status>
</kw>
<kw name="Wait Until Page Contains" library="Selenium2Library">
<doc>Waits until ``text`` appears on the current page.</doc>
<arguments>
<arg>Username is duplicated.</arg>
</arguments>
<status status="PASS" starttime="20210302 16:18:46.265" endtime="20210302 16:18:46.589"></status>
</kw>
<kw name="Click Element" library="Selenium2Library">
<doc>Click the element identified by ``locator``.</doc>
<arguments>
<arg>//*[contains(text(),'OK')]</arg>
</arguments>
<msg timestamp="20210302 16:18:46.590" level="INFO">Clicking element '//*[contains(text(),'OK')]'.</msg>
<status status="PASS" starttime="20210302 16:18:46.590" endtime="20210302 16:18:47.247"></status>
</kw>
<status status="PASS" starttime="20210302 16:18:45.625" endtime="20210302 16:18:47.248"></status>
</kw>
<status status="PASS" starttime="20210302 16:18:45.622" endtime="20210302 16:18:47.248" critical="yes"></status>
</test>
<test id="s1-t16" name="TC06-25 click button Back">
<kw name="click Back button page Summary" library="keyword_new_merchant">
<kw name="Wait Until Element Is Visible" library="Selenium2Library">
<doc>Waits until the element ``locator`` is visible.</doc>
<arguments>
<arg>//*[@id="__next"]/div/div[2]/div[2]/div[10]/div[1]/button</arg>
<arg>timeout=5s</arg>
</arguments>
<status status="PASS" starttime="20210302 16:18:47.251" endtime="20210302 16:18:47.892"></status>
</kw>
<kw name="Click Button" library="Selenium2Library">
<doc>Clicks the button identified by ``locator``.</doc>
<arguments>
<arg>//*[@id="__next"]/div/div[2]/div[2]/div[10]/div[1]/button</arg>
</arguments>
<msg timestamp="20210302 16:18:47.893" level="INFO">Clicking button '//*[@id="__next"]/div/div[2]/div[2]/div[10]/div[1]/button'.</msg>
<status status="PASS" starttime="20210302 16:18:47.892" endtime="20210302 16:18:49.498"></status>
</kw>
<kw name="Wait Until Page Contains" library="Selenium2Library">
<doc>Waits until ``text`` appears on the current page.</doc>
<arguments>
<arg>Payment Profile</arg>
</arguments>
<status status="PASS" starttime="20210302 16:18:49.499" endtime="20210302 16:18:49.813"></status>
</kw>
<status status="PASS" starttime="20210302 16:18:47.251" endtime="20210302 16:18:49.814"></status>
</kw>
<kw name="click Back button page Payment Profile" library="keyword_new_merchant">
<kw name="Wait Until Element Is Visible" library="Selenium2Library">
<doc>Waits until the element ``locator`` is visible.</doc>
<arguments>
<arg>//*[@id="__next"]/div/div[2]/div[2]/form/div[2]/div[2]/div[1]/button</arg>
<arg>timeout=5s</arg>
</arguments>
<status status="PASS" starttime="20210302 16:18:49.815" endtime="20210302 16:18:50.444"></status>
</kw>
<kw name="Click Button" library="Selenium2Library">
<doc>Clicks the button identified by ``locator``.</doc>
<arguments>
<arg>//*[@id="__next"]/div/div[2]/div[2]/form/div[2]/div[2]/div[1]/button</arg>
</arguments>
<msg timestamp="20210302 16:18:50.445" level="INFO">Clicking button '//*[@id="__next"]/div/div[2]/div[2]/form/div[2]/div[2]/div[1]/button'.</msg>
<status status="PASS" starttime="20210302 16:18:50.444" endtime="20210302 16:18:52.075"></status>
</kw>
<kw name="Wait Until Page Contains" library="Selenium2Library">
<doc>Waits until ``text`` appears on the current page.</doc>
<arguments>
<arg>Merchant Profile</arg>
</arguments>
<status status="PASS" starttime="20210302 16:18:52.075" endtime="20210302 16:18:52.394"></status>
</kw>
<status status="PASS" starttime="20210302 16:18:49.814" endtime="20210302 16:18:52.395"></status>
</kw>
<kw name="xpath to click" library="keyword_GlobalKeyword">
<arguments>
<arg>//*[@id="__next"]/div/div[2]/div[2]/form/div[5]/div[4]/div/input</arg>
</arguments>
<kw name="Set Global Variable" library="BuiltIn">
<doc>Makes a variable available globally in all tests and suites.</doc>
<arguments>
<arg>${xpath}</arg>
</arguments>
<msg timestamp="20210302 16:18:52.398" level="INFO">${xpath} = //*[@id="__next"]/div/div[2]/div[2]/form/div[5]/div[4]/div/input</msg>
<status status="PASS" starttime="20210302 16:18:52.397" endtime="20210302 16:18:52.398"></status>
</kw>
<status status="PASS" starttime="20210302 16:18:52.395" endtime="20210302 16:18:52.398"></status>
</kw>
<kw name="Input text field 'Username'" library="keyword_new_merchant">
<kw name="Generate Random String" library="String">
<doc>Generates a string with a desired ``length`` from the given ``chars``.</doc>
<arguments>
<arg>12</arg>
<arg>[LOWER]</arg>
</arguments>
<assign>
<var>${Username}</var>
</assign>
<msg timestamp="20210302 16:18:52.400" level="INFO">${Username} = sajbkjkbydty</msg>
<status status="PASS" starttime="20210302 16:18:52.399" endtime="20210302 16:18:52.400"></status>
</kw>
<kw name="Click Element" library="Selenium2Library">
<doc>Click the element identified by ``locator``.</doc>
<arguments>
<arg>${xpath}</arg>
</arguments>
<msg timestamp="20210302 16:18:52.400" level="INFO">Clicking element '//*[@id="__next"]/div/div[2]/div[2]/form/div[5]/div[4]/div/input'.</msg>
<status status="PASS" starttime="20210302 16:18:52.400" endtime="20210302 16:18:53.097"></status>
</kw>
<kw name="Input Text" library="Selenium2Library">
<doc>Types the given ``text`` into the text field identified by ``locator``.</doc>
<arguments>
<arg>${xpath}</arg>
<arg>${Username}</arg>
</arguments>
<msg timestamp="20210302 16:18:53.098" level="INFO">Typing text 'sajbkjkbydty' into text field '//*[@id="__next"]/div/div[2]/div[2]/form/div[5]/div[4]/div/input'.</msg>
<status status="PASS" starttime="20210302 16:18:53.097" endtime="20210302 16:18:54.195"></status>
</kw>
<kw name="Set Variable" library="BuiltIn">
<doc>Returns the given values which can then be assigned to a variables.</doc>
<arguments>
<arg>${Username}</arg>
</arguments>
<assign>
<var>${check_Username}</var>
</assign>
<msg timestamp="20210302 16:18:54.196" level="INFO">${check_Username} = sajbkjkbydty</msg>
<status status="PASS" starttime="20210302 16:18:54.195" endtime="20210302 16:18:54.196"></status>
</kw>
<kw name="Set Global Variable" library="BuiltIn">
<doc>Makes a variable available globally in all tests and suites.</doc>
<arguments>
<arg>${check_Username}</arg>
</arguments>
<msg timestamp="20210302 16:18:54.197" level="INFO">${check_Username} = sajbkjkbydty</msg>
<status status="PASS" starttime="20210302 16:18:54.196" endtime="20210302 16:18:54.198"></status>
</kw>
<status status="PASS" starttime="20210302 16:18:52.398" endtime="20210302 16:18:54.198"></status>
</kw>
<status status="PASS" starttime="20210302 16:18:47.249" endtime="20210302 16:18:54.198" critical="yes"></status>
</test>
<test id="s1-t17" name="TC_06-26 Verify filed Email ซ้ำกับที่มีอยู่ในระบบ">
<kw name="click 'Next' button page New Profile" library="keyword_new_merchant">
<kw name="Click Button" library="Selenium2Library">
<doc>Clicks the button identified by ``locator``.</doc>
<arguments>
<arg>//*[@id="__next"]/div/div[2]/div[2]/form/div[7]/div[2]/button</arg>
</arguments>
<msg timestamp="20210302 16:18:54.203" level="INFO">Clicking button '//*[@id="__next"]/div/div[2]/div[2]/form/div[7]/div[2]/button'.</msg>
<status status="PASS" starttime="20210302 16:18:54.203" endtime="20210302 16:18:55.827"></status>
</kw>
<kw name="Wait Until Page Contains" library="Selenium2Library">
<doc>Waits until ``text`` appears on the current page.</doc>
<arguments>
<arg>Payment Profile</arg>
</arguments>
<status status="PASS" starttime="20210302 16:18:55.828" endtime="20210302 16:18:56.147"></status>
</kw>
<status status="PASS" starttime="20210302 16:18:54.202" endtime="20210302 16:18:56.148"></status>
</kw>
<kw name="click 'Next' button page Payment Profile" library="keyword_new_merchant">
<kw name="Wait Until Element Is Visible" library="Selenium2Library">
<doc>Waits until the element ``locator`` is visible.</doc>
<arguments>
<arg>//*[@id="__next"]/div/div[2]/div[2]/form/div[2]/div[2]/div[2]/button</arg>
<arg>timeout=5s</arg>
</arguments>
<status status="PASS" starttime="20210302 16:18:56.149" endtime="20210302 16:18:56.779"></status>
</kw>
<kw name="Click Button" library="Selenium2Library">
<doc>Clicks the button identified by ``locator``.</doc>
<arguments>
<arg>//*[@id="__next"]/div/div[2]/div[2]/form/div[2]/div[2]/div[2]/button</arg>
</arguments>
<msg timestamp="20210302 16:18:56.781" level="INFO">Clicking button '//*[@id="__next"]/div/div[2]/div[2]/form/div[2]/div[2]/div[2]/button'.</msg>
<status status="PASS" starttime="20210302 16:18:56.780" endtime="20210302 16:18:58.389"></status>
</kw>
<kw name="Wait Until Page Contains" library="Selenium2Library">
<doc>Waits until ``text`` appears on the current page.</doc>
<arguments>
<arg>Summary</arg>
</arguments>
<status status="PASS" starttime="20210302 16:18:58.390" endtime="20210302 16:18:58.704"></status>
</kw>
<status status="PASS" starttime="20210302 16:18:56.148" endtime="20210302 16:18:58.705"></status>
</kw>
<kw name="click button 'Confirm'" library="keyword_new_merchant">
<kw name="Click Element" library="Selenium2Library">
<doc>Click the element identified by ``locator``.</doc>
<arguments>
<arg>//*[@id="__next"]/div/div[2]/div[2]/div[10]/div[2]/button</arg>
</arguments>
<msg timestamp="20210302 16:18:58.707" level="INFO">Clicking element '//*[@id="__next"]/div/div[2]/div[2]/div[10]/div[2]/button'.</msg>
<status status="PASS" starttime="20210302 16:18:58.706" endtime="20210302 16:18:59.368"></status>
</kw>
<status status="PASS" starttime="20210302 16:18:58.705" endtime="20210302 16:18:59.368"></status>
</kw>
<kw name="check duplicate Email" library="keyword_new_merchant">
<kw name="Wait Until Element Is Visible" library="Selenium2Library">
<doc>Waits until the element ``locator`` is visible.</doc>
<arguments>
<arg>//*[@id="swal2-content"]</arg>
</arguments>
<status status="PASS" starttime="20210302 16:18:59.370" endtime="20210302 16:18:59.998"></status>
</kw>
<kw name="Wait Until Page Contains" library="Selenium2Library">
<doc>Waits until ``text`` appears on the current page.</doc>
<arguments>
<arg>User's Email is duplicated.</arg>
</arguments>
<status status="PASS" starttime="20210302 16:18:59.999" endtime="20210302 16:19:00.324"></status>
</kw>
<kw name="Click Element" library="Selenium2Library">
<doc>Click the element identified by ``locator``.</doc>
<arguments>
<arg>//*[contains(text(),'OK')]</arg>
</arguments>
<msg timestamp="20210302 16:19:00.325" level="INFO">Clicking element '//*[contains(text(),'OK')]'.</msg>
<status status="PASS" starttime="20210302 16:19:00.324" endtime="20210302 16:19:00.989"></status>
</kw>
<status status="PASS" starttime="20210302 16:18:59.369" endtime="20210302 16:19:00.989"></status>
</kw>
<status status="PASS" starttime="20210302 16:18:54.199" endtime="20210302 16:19:00.990" critical="yes"></status>
</test>
<test id="s1-t18" name="TC05-27 กดออกจากหน้า Active merchant โดยที่ยังไม่ได้บันทึกข้อมูล">
<kw name="xpath to click" library="keyword_GlobalKeyword">
<arguments>
<arg>//*[@id="sidebar"]/nav/li[3]/span</arg>
</arguments>
<kw name="Set Global Variable" library="BuiltIn">
<doc>Makes a variable available globally in all tests and suites.</doc>
<arguments>
<arg>${xpath}</arg>
</arguments>
<msg timestamp="20210302 16:19:00.999" level="INFO">${xpath} = //*[@id="sidebar"]/nav/li[3]/span</msg>
<status status="PASS" starttime="20210302 16:19:00.998" endtime="20210302 16:19:00.999"></status>
</kw>
<status status="PASS" starttime="20210302 16:19:00.997" endtime="20210302 16:19:00.999"></status>
</kw>
<kw name="click menu" library="keyword_GlobalKeyword">
<kw name="Wait Until Element Is Visible" library="Selenium2Library">
<doc>Waits until the element ``locator`` is visible.</doc>
<arguments>
<arg>${xpath}</arg>
<arg>timeout=20s</arg>
</arguments>
<status status="PASS" starttime="20210302 16:19:01.000" endtime="20210302 16:19:01.631"></status>
</kw>
<kw name="Click Element" library="Selenium2Library">
<doc>Click the element identified by ``locator``.</doc>
<arguments>
<arg>${xpath}</arg>
</arguments>
<msg timestamp="20210302 16:19:01.632" level="INFO">Clicking element '//*[@id="sidebar"]/nav/li[3]/span'.</msg>
<status status="PASS" starttime="20210302 16:19:01.632" endtime="20210302 16:19:02.333"></status>
</kw>
<status status="PASS" starttime="20210302 16:19:01.000" endtime="20210302 16:19:02.334"></status>
</kw>
<kw name="check alert" library="keyword_new_merchant">
<kw name="Handle Alert" library="Selenium2Library">
<doc>Handles the current alert and returns its message.</doc>
<assign>
<var>${message}</var>
</assign>
<msg timestamp="20210302 16:19:03.255" level="INFO">${message} = Do you want to leave?</msg>
<status status="PASS" starttime="20210302 16:19:02.335" endtime="20210302 16:19:03.255"></status>
</kw>
<kw name="Should Be Equal As Strings" library="BuiltIn">
<doc>Fails if objects are unequal after converting them to strings.</doc>
<arguments>
<arg>${message}</arg>
<arg>Do you want to leave?</arg>
</arguments>
<status status="PASS" starttime="20210302 16:19:03.257" endtime="20210302 16:19:03.258"></status>
</kw>
<status status="PASS" starttime="20210302 16:19:02.334" endtime="20210302 16:19:03.259"></status>
</kw>
<kw name="Close Browser" library="Selenium2Library">
<doc>Closes the current browser.</doc>
<status status="PASS" starttime="20210302 16:19:03.259" endtime="20210302 16:19:03.630"></status>
</kw>
<status status="PASS" starttime="20210302 16:19:00.991" endtime="20210302 16:19:03.631" critical="yes"></status>
</test>
<status status="PASS" starttime="20210302 16:15:58.257" endtime="20210302 16:19:03.636"></status>
</suite>
<statistics>
<total>
<stat pass="18" fail="0">Critical Tests</stat>
<stat pass="18" fail="0">All Tests</stat>
</total>
<tag>
</tag>
<suite>
<stat pass="18" fail="0" id="s1" name="TC06 Merchant ActiveMerchant">TC06 Merchant ActiveMerchant</stat>
</suite>
</statistics>
<errors>
</errors>
</robot>
